<?xml version="1.0" encoding="UTF-8"?>
<testsuite name="com.opstree.salary.ApplicationTest" time="0.002" tests="1" errors="1" skipped="0" failures="0">
  <properties>
[...]
</properties>
  <testcase name="contextLoads" classname="com.opstree.salary.ApplicationTest" time="0.002">
    <error message="Failed to load ApplicationContext" type="java.lang.IllegalStateException">java.lang.IllegalStateException: Failed to load ApplicationContext
	at java.base/java.lang.reflect.Executable.verifyParameters(Executable.java:382)
	at java.base/java.lang.reflect.Executable.privateGetParameters(Executable.java:412)
	at java.base/java.lang.reflect.Executable.getParameters(Executable.java:353)
	at org.springframework.core.StandardReflectionParameterNameDiscoverer.getParameterNames(StandardReflectionParameterNameDiscoverer.java:45)
	at org.springframework.core.PrioritizedParameterNameDiscoverer.getParameterNames(PrioritizedParameterNameDiscoverer.java:67)
	at org.springframework.beans.factory.support.ConstructorResolver.autowireConstructor(ConstructorResolver.java:194)
	at org.springframework.beans.factory.support.AbstractAutowireCapableBeanFactory.autowireConstructor(AbstractAutowireCapableBeanFactory.java:1267)
	at org.springframework.beans.factory.support.AbstractAutowireCapableBeanFactory.createBeanInstance(AbstractAutowireCapableBeanFactory.java:1124)
	at org.springframework.beans.factory.support.AbstractAutowireCapableBeanFactory.doCreateBean(AbstractAutowireCapableBeanFactory.java:535)
	at org.springframework.beans.factory.support.AbstractAutowireCapableBeanFactory.createBean(AbstractAutowireCapableBeanFactory.java:495)
	at org.springframework.beans.factory.support.AbstractBeanFactory.lambda$doGetBean$0(AbstractBeanFactory.java:317)
	at org.springframework.beans.factory.support.DefaultSingletonBeanRegistry.getSingleton(DefaultSingletonBeanRegistry.java:222)
	at org.springframework.beans.factory.support.AbstractBeanFactory.doGetBean(AbstractBeanFactory.java:315)
	at org.springframework.beans.factory.support.AbstractBeanFactory.getBean(AbstractBeanFactory.java:199)
	at org.springframework.beans.factory.support.DefaultListableBeanFactory.preInstantiateSingletons(DefaultListableBeanFactory.java:759)
	at org.springframework.context.support.AbstractApplicationContext.finishBeanFactoryInitialization(AbstractApplicationContext.java:869)
	at org.springframework.context.support.AbstractApplicationContext.refresh(AbstractApplicationContext.java:550)
	at org.springframework.boot.SpringApplication.refresh(SpringApplication.java:762)
	at org.springframework.boot.SpringApplication.refreshContext(SpringApplication.java:398)
	at org.springframework.boot.SpringApplication.run(SpringApplication.java:330)
	at org.springframework.boot.test.context.SpringBootContextLoader.loadContext(SpringBootContextLoader.java:139)
	at org.springframework.test.context.cache.DefaultCacheAwareContextLoaderDelegate.loadContextInternal(DefaultCacheAwareContextLoaderDelegate.java:99)
	at org.springframework.test.context.cache.DefaultCacheAwareContextLoaderDelegate.loadContext(DefaultCacheAwareContextLoaderDelegate.java:117)
	at org.springframework.test.context.support.DefaultTestContext.getApplicationContext(DefaultTestContext.java:108)
	at org.springframework.test.context.web.ServletTestExecutionListener.setUpRequestContextIfNecessary(ServletTestExecutionListener.java:190)
	at org.springframework.test.context.web.ServletTestExecutionListener.prepareTestInstance(ServletTestExecutionListener.java:132)
	at org.springframework.test.context.TestContextManager.prepareTestInstance(TestContextManager.java:246)
	at org.springframework.test.context.junit4.SpringJUnit4ClassRunner.createTest(SpringJUnit4ClassRunner.java:227)
	at org.springframework.test.context.junit4.SpringJUnit4ClassRunner$1.runReflectiveCall(SpringJUnit4ClassRunner.java:289)
	at org.junit.internal.runners.model.ReflectiveCallable.run(ReflectiveCallable.java:12)
	at org.springframework.test.context.junit4.SpringJUnit4ClassRunner.methodBlock(SpringJUnit4ClassRunner.java:291)
	at org.springframework.test.context.junit4.SpringJUnit4ClassRunner.runChild(SpringJUnit4ClassRunner.java:246)
	at org.springframework.test.context.junit4.SpringJUnit4ClassRunner.runChild(SpringJUnit4ClassRunner.java:97)
	at org.junit.runners.ParentRunner$3.run(ParentRunner.java:290)
	at org.junit.runners.ParentRunner$1.schedule(ParentRunner.java:71)
	at org.junit.runners.ParentRunner.runChildren(ParentRunner.java:288)
	at org.junit.runners.ParentRunner.access$000(ParentRunner.java:58)
	at org.junit.runners.ParentRunner$2.evaluate(ParentRunner.java:268)
	at org.springframework.test.context.junit4.statements.RunBeforeTestClassCallbacks.evaluate(RunBeforeTestClassCallbacks.java:61)
	at org.springframework.test.context.junit4.statements.RunAfterTestClassCallbacks.evaluate(RunAfterTestClassCallbacks.java:70)
	at org.junit.runners.ParentRunner.run(ParentRunner.java:363)
	at org.springframework.test.context.junit4.SpringJUnit4ClassRunner.run(SpringJUnit4ClassRunner.java:190)
	at org.apache.maven.surefire.junit4.JUnit4Provider.execute(JUnit4Provider.java:264)
	at org.apache.maven.surefire.junit4.JUnit4Provider.executeTestSet(JUnit4Provider.java:153)
	at org.apache.maven.surefire.junit4.JUnit4Provider.invoke(JUnit4Provider.java:124)
	at java.base/jdk.internal.reflect.NativeMethodAccessorImpl.invoke0(Native Method)
	at java.base/jdk.internal.reflect.NativeMethodAccessorImpl.invoke(NativeMethodAccessorImpl.java:62)
	at java.base/jdk.internal.reflect.DelegatingMethodAccessorImpl.invoke(DelegatingMethodAccessorImpl.java:43)
	at java.base/java.lang.reflect.Method.invoke(Method.java:566)
	at org.apache.maven.surefire.util.ReflectionUtils.invokeMethodWithArray2(ReflectionUtils.java:208)
	at org.apache.maven.surefire.booter.ProviderFactory$ProviderProxy.invoke(ProviderFactory.java:159)
	at org.apache.maven.surefire.booter.ProviderFactory.invokeProvider(ProviderFactory.java:87)
	at org.apache.maven.surefire.booter.ForkedBooter.runSuitesInProcess(ForkedBooter.java:153)
	at org.apache.maven.surefire.booter.ForkedBooter.main(ForkedBooter.java:95)
</error>
    <system-out>12:04:58.238 [main] DEBUG org.springframework.test.context.junit4.SpringJUnit4ClassRunner - SpringJUnit4ClassRunner constructor called with [class com.opstree.salary.ApplicationTest]
12:04:58.243 [main] DEBUG org.springframework.test.context.BootstrapUtils - Instantiating CacheAwareContextLoaderDelegate from class [org.springframework.test.context.cache.DefaultCacheAwareContextLoaderDelegate]
12:04:58.250 [main] DEBUG org.springframework.test.context.BootstrapUtils - Instantiating BootstrapContext using constructor [public org.springframework.test.context.support.DefaultBootstrapContext(java.lang.Class,org.springframework.test.context.CacheAwareContextLoaderDelegate)]
12:04:58.267 [main] DEBUG org.springframework.test.context.BootstrapUtils - Instantiating TestContextBootstrapper for test class [com.opstree.salary.ApplicationTest] from class [org.springframework.boot.test.context.SpringBootTestContextBootstrapper]
12:04:58.275 [main] INFO org.springframework.boot.test.context.SpringBootTestContextBootstrapper - Neither @ContextConfiguration nor @ContextHierarchy found for test class [com.opstree.salary.ApplicationTest], using SpringBootContextLoader
12:04:58.277 [main] DEBUG org.springframework.test.context.support.AbstractContextLoader - Did not detect default resource location for test class [com.opstree.salary.ApplicationTest]: class path resource [com/opstree/salary/ApplicationTest-context.xml] does not exist
12:04:58.278 [main] DEBUG org.springframework.test.context.support.AbstractContextLoader - Did not detect default resource location for test class [com.opstree.salary.ApplicationTest]: class path resource [com/opstree/salary/ApplicationTestContext.groovy] does not exist
12:04:58.278 [main] INFO org.springframework.test.context.support.AbstractContextLoader - Could not detect default resource locations for test class [com.opstree.salary.ApplicationTest]: no resource found for suffixes {-context.xml, Context.groovy}.
12:04:58.279 [main] INFO org.springframework.test.context.support.AnnotationConfigContextLoaderUtils - Could not detect default configuration classes for test class [com.opstree.salary.ApplicationTest]: ApplicationTest does not declare any static, non-private, non-final, nested classes annotated with @Configuration.
12:04:58.318 [main] DEBUG org.springframework.test.context.support.ActiveProfilesUtils - Could not find an 'annotation declaring class' for annotation type [org.springframework.test.context.ActiveProfiles] and class [com.opstree.salary.ApplicationTest]
12:04:58.323 [main] DEBUG org.springframework.core.env.StandardEnvironment - Adding PropertySource 'systemProperties' with lowest search precedence
12:04:58.324 [main] DEBUG org.springframework.core.env.StandardEnvironment - Adding PropertySource 'systemEnvironment' with lowest search precedence
12:04:58.329 [main] DEBUG org.springframework.core.env.StandardEnvironment - Initialized StandardEnvironment with PropertySources [MapPropertySource@1912962767 {name='systemProperties', properties={sun.desktop=gnome, awt.toolkit=sun.awt.X11.XToolkit, java.specification.version=11, sun.cpu.isalist=, sun.jnu.encoding=UTF-8, java.class.path=/home/opstree/OT-MicroServices-Training/salary/target/test-classes:/home/opstree/OT-MicroServices-Training/salary/target/generated-classes/cobertura:/home/opstree/.m2/repository/org/springframework/boot/spring-boot-starter-web/2.5.2/spring-boot-starter-web-2.5.2.jar:/home/opstree/.m2/repository/org/springframework/boot/spring-boot-starter/2.0.4.RELEASE/spring-boot-starter-2.0.4.RELEASE.jar:/home/opstree/.m2/repository/org/springframework/boot/spring-boot/2.0.4.RELEASE/spring-boot-2.0.4.RELEASE.jar:/home/opstree/.m2/repository/org/springframework/boot/spring-boot-autoconfigure/2.0.4.RELEASE/spring-boot-autoconfigure-2.0.4.RELEASE.jar:/home/opstree/.m2/repository/org/springframework/boot/spring-boot-starter-logging/2.0.4.RELEASE/spring-boot-starter-logging-2.0.4.RELEASE.jar:/home/opstree/.m2/repository/ch/qos/logback/logback-classic/1.2.3/logback-classic-1.2.3.jar:/home/opstree/.m2/repository/ch/qos/logback/logback-core/1.2.3/logback-core-1.2.3.jar:/home/opstree/.m2/repository/org/apache/logging/log4j/log4j-to-slf4j/2.10.0/log4j-to-slf4j-2.10.0.jar:/home/opstree/.m2/repository/org/slf4j/jul-to-slf4j/1.7.25/jul-to-slf4j-1.7.25.jar:/home/opstree/.m2/repository/javax/annotation/javax.annotation-api/1.3.2/javax.annotation-api-1.3.2.jar:/home/opstree/.m2/repository/org/yaml/snakeyaml/1.19/snakeyaml-1.19.jar:/home/opstree/.m2/repository/org/springframework/boot/spring-boot-starter-json/2.0.4.RELEASE/spring-boot-starter-json-2.0.4.RELEASE.jar:/home/opstree/.m2/repository/com/fasterxml/jackson/datatype/jackson-datatype-jdk8/2.9.6/jackson-datatype-jdk8-2.9.6.jar:/home/opstree/.m2/repository/com/fasterxml/jackson/datatype/jackson-datatype-jsr310/2.9.6/jackson-datatype-jsr310-2.9.6.jar:/home/opstree/.m2/repository/com/fasterxml/jackson/module/jackson-module-parameter-names/2.9.6/jackson-module-parameter-names-2.9.6.jar:/home/opstree/.m2/repository/org/springframework/boot/spring-boot-starter-tomcat/2.0.4.RELEASE/spring-boot-starter-tomcat-2.0.4.RELEASE.jar:/home/opstree/.m2/repository/org/apache/tomcat/embed/tomcat-embed-core/8.5.32/tomcat-embed-core-8.5.32.jar:/home/opstree/.m2/repository/org/apache/tomcat/embed/tomcat-embed-el/8.5.32/tomcat-embed-el-8.5.32.jar:/home/opstree/.m2/repository/org/apache/tomcat/embed/tomcat-embed-websocket/8.5.32/tomcat-embed-websocket-8.5.32.jar:/home/opstree/.m2/repository/org/springframework/spring-web/5.0.8.RELEASE/spring-web-5.0.8.RELEASE.jar:/home/opstree/.m2/repository/org/springframework/spring-beans/5.0.8.RELEASE/spring-beans-5.0.8.RELEASE.jar:/home/opstree/.m2/repository/org/springframework/spring-webmvc/5.0.8.RELEASE/spring-webmvc-5.0.8.RELEASE.jar:/home/opstree/.m2/repository/org/springframework/spring-aop/5.0.8.RELEASE/spring-aop-5.0.8.RELEASE.jar:/home/opstree/.m2/repository/org/springframework/spring-context/5.0.8.RELEASE/spring-context-5.0.8.RELEASE.jar:/home/opstree/.m2/repository/org/springframework/spring-expression/5.0.8.RELEASE/spring-expression-5.0.8.RELEASE.jar:/home/opstree/.m2/repository/org/springframework/boot/spring-boot-starter-test/2.5.2/spring-boot-starter-test-2.5.2.jar:/home/opstree/.m2/repository/org/springframework/boot/spring-boot-test/2.0.4.RELEASE/spring-boot-test-2.0.4.RELEASE.jar:/home/opstree/.m2/repository/org/springframework/boot/spring-boot-test-autoconfigure/2.0.4.RELEASE/spring-boot-test-autoconfigure-2.0.4.RELEASE.jar:/home/opstree/.m2/repository/com/jayway/jsonpath/json-path/2.4.0/json-path-2.4.0.jar:/home/opstree/.m2/repository/net/minidev/json-smart/2.3/json-smart-2.3.jar:/home/opstree/.m2/repository/net/minidev/accessors-smart/1.2/accessors-smart-1.2.jar:/home/opstree/.m2/repository/org/ow2/asm/asm/5.0.4/asm-5.0.4.jar:/home/opstree/.m2/repository/org/slf4j/slf4j-api/1.7.25/slf4j-api-1.7.25.jar:/home/opstree/.m2/repository/jakarta/xml/bind/jakarta.xml.bind-api/2.3.3/jakarta.xml.bind-api-2.3.3.jar:/home/opstree/.m2/repository/jakarta/activation/jakarta.activation-api/1.2.2/jakarta.activation-api-1.2.2.jar:/home/opstree/.m2/repository/org/assertj/assertj-core/3.9.1/assertj-core-3.9.1.jar:/home/opstree/.m2/repository/org/hamcrest/hamcrest/2.2/hamcrest-2.2.jar:/home/opstree/.m2/repository/org/junit/jupiter/junit-jupiter/5.7.2/junit-jupiter-5.7.2.jar:/home/opstree/.m2/repository/org/junit/jupiter/junit-jupiter-params/5.1.1/junit-jupiter-params-5.1.1.jar:/home/opstree/.m2/repository/org/mockito/mockito-core/2.15.0/mockito-core-2.15.0.jar:/home/opstree/.m2/repository/net/bytebuddy/byte-buddy/1.7.11/byte-buddy-1.7.11.jar:/home/opstree/.m2/repository/net/bytebuddy/byte-buddy-agent/1.7.11/byte-buddy-agent-1.7.11.jar:/home/opstree/.m2/repository/org/objenesis/objenesis/2.6/objenesis-2.6.jar:/home/opstree/.m2/repository/org/mockito/mockito-junit-jupiter/3.9.0/mockito-junit-jupiter-3.9.0.jar:/home/opstree/.m2/repository/org/skyscreamer/jsonassert/1.5.0/jsonassert-1.5.0.jar:/home/opstree/.m2/repository/com/vaadin/external/google/android-json/0.0.20131108.vaadin1/android-json-0.0.20131108.vaadin1.jar:/home/opstree/.m2/repository/org/springframework/spring-core/5.0.8.RELEASE/spring-core-5.0.8.RELEASE.jar:/home/opstree/.m2/repository/org/springframework/spring-jcl/5.0.8.RELEASE/spring-jcl-5.0.8.RELEASE.jar:/home/opstree/.m2/repository/org/springframework/spring-test/5.0.8.RELEASE/spring-test-5.0.8.RELEASE.jar:/home/opstree/.m2/repository/org/xmlunit/xmlunit-core/2.5.1/xmlunit-core-2.5.1.jar:/home/opstree/.m2/repository/junit/junit/4.12/junit-4.12.jar:/home/opstree/.m2/repository/org/hamcrest/hamcrest-core/1.3/hamcrest-core-1.3.jar:/home/opstree/.m2/repository/org/junit/jupiter/junit-jupiter-api/5.7.2/junit-jupiter-api-5.7.2.jar:/home/opstree/.m2/repository/org/apiguardian/apiguardian-api/1.1.0/apiguardian-api-1.1.0.jar:/home/opstree/.m2/repository/org/opentest4j/opentest4j/1.2.0/opentest4j-1.2.0.jar:/home/opstree/.m2/repository/org/junit/platform/junit-platform-commons/1.7.2/junit-platform-commons-1.7.2.jar:/home/opstree/.m2/repository/org/junit/jupiter/junit-jupiter-engine/5.7.2/junit-jupiter-engine-5.7.2.jar:/home/opstree/.m2/repository/org/junit/platform/junit-platform-engine/1.7.2/junit-platform-engine-1.7.2.jar:/home/opstree/.m2/repository/org/elasticsearch/elasticsearch/7.6.2/elasticsearch-7.6.2.jar:/home/opstree/.m2/repository/org/elasticsearch/elasticsearch-core/7.6.2/elasticsearch-core-7.6.2.jar:/home/opstree/.m2/repository/org/elasticsearch/elasticsearch-secure-sm/7.6.2/elasticsearch-secure-sm-7.6.2.jar:/home/opstree/.m2/repository/org/elasticsearch/elasticsearch-x-content/7.6.2/elasticsearch-x-content-7.6.2.jar:/home/opstree/.m2/repository/com/fasterxml/jackson/dataformat/jackson-dataformat-smile/2.9.6/jackson-dataformat-smile-2.9.6.jar:/home/opstree/.m2/repository/com/fasterxml/jackson/dataformat/jackson-dataformat-yaml/2.9.6/jackson-dataformat-yaml-2.9.6.jar:/home/opstree/.m2/repository/com/fasterxml/jackson/dataformat/jackson-dataformat-cbor/2.9.6/jackson-dataformat-cbor-2.9.6.jar:/home/opstree/.m2/repository/org/elasticsearch/elasticsearch-geo/7.6.2/elasticsearch-geo-7.6.2.jar:/home/opstree/.m2/repository/org/apache/lucene/lucene-core/8.4.0/lucene-core-8.4.0.jar:/home/opstree/.m2/repository/org/apache/lucene/lucene-analyzers-common/8.4.0/lucene-analyzers-common-8.4.0.jar:/home/opstree/.m2/repository/org/apache/lucene/lucene-backward-codecs/8.4.0/lucene-backward-codecs-8.4.0.jar:/home/opstree/.m2/repository/org/apache/lucene/lucene-grouping/8.4.0/lucene-grouping-8.4.0.jar:/home/opstree/.m2/repository/org/apache/lucene/lucene-highlighter/8.4.0/lucene-highlighter-8.4.0.jar:/home/opstree/.m2/repository/org/apache/lucene/lucene-join/8.4.0/lucene-join-8.4.0.jar:/home/opstree/.m2/repository/org/apache/lucene/lucene-memory/8.4.0/lucene-memory-8.4.0.jar:/home/opstree/.m2/repository/org/apache/lucene/lucene-misc/8.4.0/lucene-misc-8.4.0.jar:/home/opstree/.m2/repository/org/apache/lucene/lucene-queries/8.4.0/lucene-queries-8.4.0.jar:/home/opstree/.m2/repository/org/apache/lucene/lucene-queryparser/8.4.0/lucene-queryparser-8.4.0.jar:/home/opstree/.m2/repository/org/apache/lucene/lucene-sandbox/8.4.0/lucene-sandbox-8.4.0.jar:/home/opstree/.m2/repository/org/apache/lucene/lucene-spatial/8.4.0/lucene-spatial-8.4.0.jar:/home/opstree/.m2/repository/org/apache/lucene/lucene-spatial-extras/8.4.0/lucene-spatial-extras-8.4.0.jar:/home/opstree/.m2/repository/org/apache/lucene/lucene-spatial3d/8.4.0/lucene-spatial3d-8.4.0.jar:/home/opstree/.m2/repository/org/apache/lucene/lucene-suggest/8.4.0/lucene-suggest-8.4.0.jar:/home/opstree/.m2/repository/org/elasticsearch/elasticsearch-cli/7.6.2/elasticsearch-cli-7.6.2.jar:/home/opstree/.m2/repository/net/sf/jopt-simple/jopt-simple/5.0.2/jopt-simple-5.0.2.jar:/home/opstree/.m2/repository/com/carrotsearch/hppc/0.8.1/hppc-0.8.1.jar:/home/opstree/.m2/repository/joda-time/joda-time/2.9.9/joda-time-2.9.9.jar:/home/opstree/.m2/repository/com/tdunning/t-digest/3.2/t-digest-3.2.jar:/home/opstree/.m2/repository/org/hdrhistogram/HdrHistogram/2.1.9/HdrHistogram-2.1.9.jar:/home/opstree/.m2/repository/org/apache/logging/log4j/log4j-api/2.10.0/log4j-api-2.10.0.jar:/home/opstree/.m2/repository/org/elasticsearch/jna/4.5.1/jna-4.5.1.jar:/home/opstree/.m2/repository/org/elasticsearch/client/elasticsearch-rest-high-level-client/7.6.2/elasticsearch-rest-high-level-client-7.6.2.jar:/home/opstree/.m2/repository/org/elasticsearch/client/elasticsearch-rest-client/7.6.2/elasticsearch-rest-client-7.6.2.jar:/home/opstree/.m2/repository/org/apache/httpcomponents/httpclient/4.5.6/httpclient-4.5.6.jar:/home/opstree/.m2/repository/org/apache/httpcomponents/httpcore/4.4.10/httpcore-4.4.10.jar:/home/opstree/.m2/repository/org/apache/httpcomponents/httpasyncclient/4.1.3/httpasyncclient-4.1.3.jar:/home/opstree/.m2/repository/org/apache/httpcomponents/httpcore-nio/4.4.10/httpcore-nio-4.4.10.jar:/home/opstree/.m2/repository/commons-codec/commons-codec/1.11/commons-codec-1.11.jar:/home/opstree/.m2/repository/commons-logging/commons-logging/1.1.3/commons-logging-1.1.3.jar:/home/opstree/.m2/repository/org/elasticsearch/plugin/mapper-extras-client/7.6.2/mapper-extras-client-7.6.2.jar:/home/opstree/.m2/repository/org/elasticsearch/plugin/parent-join-client/7.6.2/parent-join-client-7.6.2.jar:/home/opstree/.m2/repository/org/elasticsearch/plugin/aggs-matrix-stats-client/7.6.2/aggs-matrix-stats-client-7.6.2.jar:/home/opstree/.m2/repository/org/elasticsearch/plugin/rank-eval-client/7.6.2/rank-eval-client-7.6.2.jar:/home/opstree/.m2/repository/org/elasticsearch/plugin/lang-mustache-client/7.6.2/lang-mustache-client-7.6.2.jar:/home/opstree/.m2/repository/com/github/spullara/mustache/java/compiler/0.9.6/compiler-0.9.6.jar:/home/opstree/.m2/repository/org/projectlombok/lombok/1.16.22/lombok-1.16.22.jar:/home/opstree/.m2/repository/com/google/code/gson/gson/2.8.5/gson-2.8.5.jar:/home/opstree/.m2/repository/com/fasterxml/jackson/core/jackson-databind/2.9.10.4/jackson-databind-2.9.10.4.jar:/home/opstree/.m2/repository/com/fasterxml/jackson/core/jackson-annotations/2.9.0/jackson-annotations-2.9.0.jar:/home/opstree/.m2/repository/com/fasterxml/jackson/core/jackson-core/2.9.6/jackson-core-2.9.6.jar:/home/opstree/.m2/repository/net/sourceforge/cobertura/cobertura/1.9.4.1/cobertura-1.9.4.1.jar:/home/opstree/.m2/repository/org/apache/ant/ant/1.7.0/ant-1.7.0.jar:/home/opstree/.m2/repository/org/apache/ant/ant-launcher/1.7.0/ant-launcher-1.7.0.jar:, java.vm.vendor=Ubuntu, sun.arch.data.model=64, java.vendor.url=https://ubuntu.com/, user.timezone=Asia/Kolkata, os.name=Linux, java.vm.specification.version=11, sun.java.launcher=SUN_STANDARD, user.country=IN, sun.boot.library.path=/usr/lib/jvm/java-11-openjdk-amd64/lib, sun.java.command=/home/opstree/OT-MicroServices-Training/salary/target/surefire/surefirebooter16952821175928221540.jar /home/opstree/OT-MicroServices-Training/salary/target/surefire/surefire6068705973928166326tmp /home/opstree/OT-MicroServices-Training/salary/target/surefire/surefire_112542838961588926981tmp, jdk.debug=release, surefire.test.class.path=/home/opstree/OT-MicroServices-Training/salary/target/test-classes:/home/opstree/OT-MicroServices-Training/salary/target/generated-classes/cobertura:/home/opstree/.m2/repository/org/springframework/boot/spring-boot-starter-web/2.5.2/spring-boot-starter-web-2.5.2.jar:/home/opstree/.m2/repository/org/springframework/boot/spring-boot-starter/2.0.4.RELEASE/spring-boot-starter-2.0.4.RELEASE.jar:/home/opstree/.m2/repository/org/springframework/boot/spring-boot/2.0.4.RELEASE/spring-boot-2.0.4.RELEASE.jar:/home/opstree/.m2/repository/org/springframework/boot/spring-boot-autoconfigure/2.0.4.RELEASE/spring-boot-autoconfigure-2.0.4.RELEASE.jar:/home/opstree/.m2/repository/org/springframework/boot/spring-boot-starter-logging/2.0.4.RELEASE/spring-boot-starter-logging-2.0.4.RELEASE.jar:/home/opstree/.m2/repository/ch/qos/logback/logback-classic/1.2.3/logback-classic-1.2.3.jar:/home/opstree/.m2/repository/ch/qos/logback/logback-core/1.2.3/logback-core-1.2.3.jar:/home/opstree/.m2/repository/org/apache/logging/log4j/log4j-to-slf4j/2.10.0/log4j-to-slf4j-2.10.0.jar:/home/opstree/.m2/repository/org/slf4j/jul-to-slf4j/1.7.25/jul-to-slf4j-1.7.25.jar:/home/opstree/.m2/repository/javax/annotation/javax.annotation-api/1.3.2/javax.annotation-api-1.3.2.jar:/home/opstree/.m2/repository/org/yaml/snakeyaml/1.19/snakeyaml-1.19.jar:/home/opstree/.m2/repository/org/springframework/boot/spring-boot-starter-json/2.0.4.RELEASE/spring-boot-starter-json-2.0.4.RELEASE.jar:/home/opstree/.m2/repository/com/fasterxml/jackson/datatype/jackson-datatype-jdk8/2.9.6/jackson-datatype-jdk8-2.9.6.jar:/home/opstree/.m2/repository/com/fasterxml/jackson/datatype/jackson-datatype-jsr310/2.9.6/jackson-datatype-jsr310-2.9.6.jar:/home/opstree/.m2/repository/com/fasterxml/jackson/module/jackson-module-parameter-names/2.9.6/jackson-module-parameter-names-2.9.6.jar:/home/opstree/.m2/repository/org/springframework/boot/spring-boot-starter-tomcat/2.0.4.RELEASE/spring-boot-starter-tomcat-2.0.4.RELEASE.jar:/home/opstree/.m2/repository/org/apache/tomcat/embed/tomcat-embed-core/8.5.32/tomcat-embed-core-8.5.32.jar:/home/opstree/.m2/repository/org/apache/tomcat/embed/tomcat-embed-el/8.5.32/tomcat-embed-el-8.5.32.jar:/home/opstree/.m2/repository/org/apache/tomcat/embed/tomcat-embed-websocket/8.5.32/tomcat-embed-websocket-8.5.32.jar:/home/opstree/.m2/repository/org/springframework/spring-web/5.0.8.RELEASE/spring-web-5.0.8.RELEASE.jar:/home/opstree/.m2/repository/org/springframework/spring-beans/5.0.8.RELEASE/spring-beans-5.0.8.RELEASE.jar:/home/opstree/.m2/repository/org/springframework/spring-webmvc/5.0.8.RELEASE/spring-webmvc-5.0.8.RELEASE.jar:/home/opstree/.m2/repository/org/springframework/spring-aop/5.0.8.RELEASE/spring-aop-5.0.8.RELEASE.jar:/home/opstree/.m2/repository/org/springframework/spring-context/5.0.8.RELEASE/spring-context-5.0.8.RELEASE.jar:/home/opstree/.m2/repository/org/springframework/spring-expression/5.0.8.RELEASE/spring-expression-5.0.8.RELEASE.jar:/home/opstree/.m2/repository/org/springframework/boot/spring-boot-starter-test/2.5.2/spring-boot-starter-test-2.5.2.jar:/home/opstree/.m2/repository/org/springframework/boot/spring-boot-test/2.0.4.RELEASE/spring-boot-test-2.0.4.RELEASE.jar:/home/opstree/.m2/repository/org/springframework/boot/spring-boot-test-autoconfigure/2.0.4.RELEASE/spring-boot-test-autoconfigure-2.0.4.RELEASE.jar:/home/opstree/.m2/repository/com/jayway/jsonpath/json-path/2.4.0/json-path-2.4.0.jar:/home/opstree/.m2/repository/net/minidev/json-smart/2.3/json-smart-2.3.jar:/home/opstree/.m2/repository/net/minidev/accessors-smart/1.2/accessors-smart-1.2.jar:/home/opstree/.m2/repository/org/ow2/asm/asm/5.0.4/asm-5.0.4.jar:/home/opstree/.m2/repository/org/slf4j/slf4j-api/1.7.25/slf4j-api-1.7.25.jar:/home/opstree/.m2/repository/jakarta/xml/bind/jakarta.xml.bind-api/2.3.3/jakarta.xml.bind-api-2.3.3.jar:/home/opstree/.m2/repository/jakarta/activation/jakarta.activation-api/1.2.2/jakarta.activation-api-1.2.2.jar:/home/opstree/.m2/repository/org/assertj/assertj-core/3.9.1/assertj-core-3.9.1.jar:/home/opstree/.m2/repository/org/hamcrest/hamcrest/2.2/hamcrest-2.2.jar:/home/opstree/.m2/repository/org/junit/jupiter/junit-jupiter/5.7.2/junit-jupiter-5.7.2.jar:/home/opstree/.m2/repository/org/junit/jupiter/junit-jupiter-params/5.1.1/junit-jupiter-params-5.1.1.jar:/home/opstree/.m2/repository/org/mockito/mockito-core/2.15.0/mockito-core-2.15.0.jar:/home/opstree/.m2/repository/net/bytebuddy/byte-buddy/1.7.11/byte-buddy-1.7.11.jar:/home/opstree/.m2/repository/net/bytebuddy/byte-buddy-agent/1.7.11/byte-buddy-agent-1.7.11.jar:/home/opstree/.m2/repository/org/objenesis/objenesis/2.6/objenesis-2.6.jar:/home/opstree/.m2/repository/org/mockito/mockito-junit-jupiter/3.9.0/mockito-junit-jupiter-3.9.0.jar:/home/opstree/.m2/repository/org/skyscreamer/jsonassert/1.5.0/jsonassert-1.5.0.jar:/home/opstree/.m2/repository/com/vaadin/external/google/android-json/0.0.20131108.vaadin1/android-json-0.0.20131108.vaadin1.jar:/home/opstree/.m2/repository/org/springframework/spring-core/5.0.8.RELEASE/spring-core-5.0.8.RELEASE.jar:/home/opstree/.m2/repository/org/springframework/spring-jcl/5.0.8.RELEASE/spring-jcl-5.0.8.RELEASE.jar:/home/opstree/.m2/repository/org/springframework/spring-test/5.0.8.RELEASE/spring-test-5.0.8.RELEASE.jar:/home/opstree/.m2/repository/org/xmlunit/xmlunit-core/2.5.1/xmlunit-core-2.5.1.jar:/home/opstree/.m2/repository/junit/junit/4.12/junit-4.12.jar:/home/opstree/.m2/repository/org/hamcrest/hamcrest-core/1.3/hamcrest-core-1.3.jar:/home/opstree/.m2/repository/org/junit/jupiter/junit-jupiter-api/5.7.2/junit-jupiter-api-5.7.2.jar:/home/opstree/.m2/repository/org/apiguardian/apiguardian-api/1.1.0/apiguardian-api-1.1.0.jar:/home/opstree/.m2/repository/org/opentest4j/opentest4j/1.2.0/opentest4j-1.2.0.jar:/home/opstree/.m2/repository/org/junit/platform/junit-platform-commons/1.7.2/junit-platform-commons-1.7.2.jar:/home/opstree/.m2/repository/org/junit/jupiter/junit-jupiter-engine/5.7.2/junit-jupiter-engine-5.7.2.jar:/home/opstree/.m2/repository/org/junit/platform/junit-platform-engine/1.7.2/junit-platform-engine-1.7.2.jar:/home/opstree/.m2/repository/org/elasticsearch/elasticsearch/7.6.2/elasticsearch-7.6.2.jar:/home/opstree/.m2/repository/org/elasticsearch/elasticsearch-core/7.6.2/elasticsearch-core-7.6.2.jar:/home/opstree/.m2/repository/org/elasticsearch/elasticsearch-secure-sm/7.6.2/elasticsearch-secure-sm-7.6.2.jar:/home/opstree/.m2/repository/org/elasticsearch/elasticsearch-x-content/7.6.2/elasticsearch-x-content-7.6.2.jar:/home/opstree/.m2/repository/com/fasterxml/jackson/dataformat/jackson-dataformat-smile/2.9.6/jackson-dataformat-smile-2.9.6.jar:/home/opstree/.m2/repository/com/fasterxml/jackson/dataformat/jackson-dataformat-yaml/2.9.6/jackson-dataformat-yaml-2.9.6.jar:/home/opstree/.m2/repository/com/fasterxml/jackson/dataformat/jackson-dataformat-cbor/2.9.6/jackson-dataformat-cbor-2.9.6.jar:/home/opstree/.m2/repository/org/elasticsearch/elasticsearch-geo/7.6.2/elasticsearch-geo-7.6.2.jar:/home/opstree/.m2/repository/org/apache/lucene/lucene-core/8.4.0/lucene-core-8.4.0.jar:/home/opstree/.m2/repository/org/apache/lucene/lucene-analyzers-common/8.4.0/lucene-analyzers-common-8.4.0.jar:/home/opstree/.m2/repository/org/apache/lucene/lucene-backward-codecs/8.4.0/lucene-backward-codecs-8.4.0.jar:/home/opstree/.m2/repository/org/apache/lucene/lucene-grouping/8.4.0/lucene-grouping-8.4.0.jar:/home/opstree/.m2/repository/org/apache/lucene/lucene-highlighter/8.4.0/lucene-highlighter-8.4.0.jar:/home/opstree/.m2/repository/org/apache/lucene/lucene-join/8.4.0/lucene-join-8.4.0.jar:/home/opstree/.m2/repository/org/apache/lucene/lucene-memory/8.4.0/lucene-memory-8.4.0.jar:/home/opstree/.m2/repository/org/apache/lucene/lucene-misc/8.4.0/lucene-misc-8.4.0.jar:/home/opstree/.m2/repository/org/apache/lucene/lucene-queries/8.4.0/lucene-queries-8.4.0.jar:/home/opstree/.m2/repository/org/apache/lucene/lucene-queryparser/8.4.0/lucene-queryparser-8.4.0.jar:/home/opstree/.m2/repository/org/apache/lucene/lucene-sandbox/8.4.0/lucene-sandbox-8.4.0.jar:/home/opstree/.m2/repository/org/apache/lucene/lucene-spatial/8.4.0/lucene-spatial-8.4.0.jar:/home/opstree/.m2/repository/org/apache/lucene/lucene-spatial-extras/8.4.0/lucene-spatial-extras-8.4.0.jar:/home/opstree/.m2/repository/org/apache/lucene/lucene-spatial3d/8.4.0/lucene-spatial3d-8.4.0.jar:/home/opstree/.m2/repository/org/apache/lucene/lucene-suggest/8.4.0/lucene-suggest-8.4.0.jar:/home/opstree/.m2/repository/org/elasticsearch/elasticsearch-cli/7.6.2/elasticsearch-cli-7.6.2.jar:/home/opstree/.m2/repository/net/sf/jopt-simple/jopt-simple/5.0.2/jopt-simple-5.0.2.jar:/home/opstree/.m2/repository/com/carrotsearch/hppc/0.8.1/hppc-0.8.1.jar:/home/opstree/.m2/repository/joda-time/joda-time/2.9.9/joda-time-2.9.9.jar:/home/opstree/.m2/repository/com/tdunning/t-digest/3.2/t-digest-3.2.jar:/home/opstree/.m2/repository/org/hdrhistogram/HdrHistogram/2.1.9/HdrHistogram-2.1.9.jar:/home/opstree/.m2/repository/org/apache/logging/log4j/log4j-api/2.10.0/log4j-api-2.10.0.jar:/home/opstree/.m2/repository/org/elasticsearch/jna/4.5.1/jna-4.5.1.jar:/home/opstree/.m2/repository/org/elasticsearch/client/elasticsearch-rest-high-level-client/7.6.2/elasticsearch-rest-high-level-client-7.6.2.jar:/home/opstree/.m2/repository/org/elasticsearch/client/elasticsearch-rest-client/7.6.2/elasticsearch-rest-client-7.6.2.jar:/home/opstree/.m2/repository/org/apache/httpcomponents/httpclient/4.5.6/httpclient-4.5.6.jar:/home/opstree/.m2/repository/org/apache/httpcomponents/httpcore/4.4.10/httpcore-4.4.10.jar:/home/opstree/.m2/repository/org/apache/httpcomponents/httpasyncclient/4.1.3/httpasyncclient-4.1.3.jar:/home/opstree/.m2/repository/org/apache/httpcomponents/httpcore-nio/4.4.10/httpcore-nio-4.4.10.jar:/home/opstree/.m2/repository/commons-codec/commons-codec/1.11/commons-codec-1.11.jar:/home/opstree/.m2/repository/commons-logging/commons-logging/1.1.3/commons-logging-1.1.3.jar:/home/opstree/.m2/repository/org/elasticsearch/plugin/mapper-extras-client/7.6.2/mapper-extras-client-7.6.2.jar:/home/opstree/.m2/repository/org/elasticsearch/plugin/parent-join-client/7.6.2/parent-join-client-7.6.2.jar:/home/opstree/.m2/repository/org/elasticsearch/plugin/aggs-matrix-stats-client/7.6.2/aggs-matrix-stats-client-7.6.2.jar:/home/opstree/.m2/repository/org/elasticsearch/plugin/rank-eval-client/7.6.2/rank-eval-client-7.6.2.jar:/home/opstree/.m2/repository/org/elasticsearch/plugin/lang-mustache-client/7.6.2/lang-mustache-client-7.6.2.jar:/home/opstree/.m2/repository/com/github/spullara/mustache/java/compiler/0.9.6/compiler-0.9.6.jar:/home/opstree/.m2/repository/org/projectlombok/lombok/1.16.22/lombok-1.16.22.jar:/home/opstree/.m2/repository/com/google/code/gson/gson/2.8.5/gson-2.8.5.jar:/home/opstree/.m2/repository/com/fasterxml/jackson/core/jackson-databind/2.9.10.4/jackson-databind-2.9.10.4.jar:/home/opstree/.m2/repository/com/fasterxml/jackson/core/jackson-annotations/2.9.0/jackson-annotations-2.9.0.jar:/home/opstree/.m2/repository/com/fasterxml/jackson/core/jackson-core/2.9.6/jackson-core-2.9.6.jar:/home/opstree/.m2/repository/net/sourceforge/cobertura/cobertura/1.9.4.1/cobertura-1.9.4.1.jar:/home/opstree/.m2/repository/org/apache/ant/ant/1.7.0/ant-1.7.0.jar:/home/opstree/.m2/repository/org/apache/ant/ant-launcher/1.7.0/ant-launcher-1.7.0.jar:, sun.cpu.endian=little, user.home=/home/opstree, user.language=en, java.specification.vendor=Oracle Corporation, java.version.date=2021-04-20, java.home=/usr/lib/jvm/java-11-openjdk-amd64, file.separator=/, basedir=/home/opstree/OT-MicroServices-Training/salary, java.vm.compressedOopsMode=32-bit, line.separator=
, java.specification.name=Java Platform API Specification, java.vm.specification.vendor=Oracle Corporation, java.awt.graphicsenv=sun.awt.X11GraphicsEnvironment, surefire.real.class.path=/home/opstree/OT-MicroServices-Training/salary/target/surefire/surefirebooter16952821175928221540.jar, sun.management.compiler=HotSpot 64-Bit Tiered Compilers, java.runtime.version=11.0.11+9-Ubuntu-0ubuntu2.18.04, user.name=opstree, path.separator=:, os.version=5.4.0-74-generic, java.runtime.name=OpenJDK Runtime Environment, file.encoding=UTF-8, java.vm.name=OpenJDK 64-Bit Server VM, localRepository=/home/opstree/.m2/repository, java.vendor.url.bug=https://bugs.launchpad.net/ubuntu/+source/openjdk-lts, java.io.tmpdir=/tmp, java.version=11.0.11, user.dir=/home/opstree/OT-MicroServices-Training/salary, os.arch=amd64, java.vm.specification.name=Java Virtual Machine Specification, java.awt.printerjob=sun.print.PSPrinterJob, sun.os.patch.level=unknown, java.library.path=/usr/java/packages/lib:/usr/lib/x86_64-linux-gnu/jni:/lib/x86_64-linux-gnu:/usr/lib/x86_64-linux-gnu:/usr/lib/jni:/lib:/usr/lib, java.vm.info=mixed mode, sharing, java.vendor=Ubuntu, java.vm.version=11.0.11+9-Ubuntu-0ubuntu2.18.04, sun.io.unicode.encoding=UnicodeLittle, java.class.version=55.0}}, SystemEnvironmentPropertySource@452805835 {name='systemEnvironment', properties={PATH=”/home/opstree/.local/bin:/usr/local/sbin:/usr/local/bin:/usr/sbin:/usr/bin:/sbin:/bin:/usr/games:/usr/local/games:/snap/bin:/opt/sonar-scanner-3.3.0.1492-linux/bin”, XAUTHORITY=/run/user/1001/gdm/Xauthority, XMODIFIERS=@im=ibus, XDG_DATA_DIRS=/usr/share/ubuntu:/usr/local/share/:/usr/share/:/var/lib/snapd/desktop, GDMSESSION=ubuntu, DESKTOP_MODE=1, TEXTDOMAINDIR=/usr/share/locale/, GTK_IM_MODULE=ibus, DBUS_SESSION_BUS_ADDRESS=unix:path=/run/user/1001/bus, XDG_CURRENT_DESKTOP=ubuntu:GNOME, SSH_AGENT_PID=2986, DESKTOP_AUTOSTART_ID=10bd76e221f11909f0162728450146324600000028810007, COLORTERM=truecolor, QT4_IM_MODULE=xim, SESSION_MANAGER=local/opstree-Latitude-3410:@/tmp/.ICE-unix/2881,unix/opstree-Latitude-3410:/tmp/.ICE-unix/2881, USERNAME=opstree, LOGNAME=opstree, PWD=/home/opstree/OT-MicroServices-Training/salary, IM_CONFIG_PHASE=2, LANGUAGE=en_IN:en, SHELL=/bin/bash, LESSOPEN=| /usr/bin/lesspipe %s, OLDPWD=/home/opstree/OT-MicroServices-Training/salary, GNOME_DESKTOP_SESSION_ID=this-is-deprecated, GNOME_TERMINAL_SCREEN=/org/gnome/Terminal/screen/431d5287_2f68_4f95_915c_ed7bf6042d95, GTK_MODULES=gail:atk-bridge, CLUTTER_IM_MODULE=xim, TEXTDOMAIN=im-config, LS_COLORS=rs=0:di=01;34:ln=01;36:mh=00:pi=40;33:so=01;35:do=01;35:bd=40;33;01:cd=40;33;01:or=40;31;01:mi=00:su=37;41:sg=30;43:ca=30;41:tw=30;42:ow=34;42:st=37;44:ex=01;32:*.tar=01;31:*.tgz=01;31:*.arc=01;31:*.arj=01;31:*.taz=01;31:*.lha=01;31:*.lz4=01;31:*.lzh=01;31:*.lzma=01;31:*.tlz=01;31:*.txz=01;31:*.tzo=01;31:*.t7z=01;31:*.zip=01;31:*.z=01;31:*.Z=01;31:*.dz=01;31:*.gz=01;31:*.lrz=01;31:*.lz=01;31:*.lzo=01;31:*.xz=01;31:*.zst=01;31:*.tzst=01;31:*.bz2=01;31:*.bz=01;31:*.tbz=01;31:*.tbz2=01;31:*.tz=01;31:*.deb=01;31:*.rpm=01;31:*.jar=01;31:*.war=01;31:*.ear=01;31:*.sar=01;31:*.rar=01;31:*.alz=01;31:*.ace=01;31:*.zoo=01;31:*.cpio=01;31:*.7z=01;31:*.rz=01;31:*.cab=01;31:*.wim=01;31:*.swm=01;31:*.dwm=01;31:*.esd=01;31:*.jpg=01;35:*.jpeg=01;35:*.mjpg=01;35:*.mjpeg=01;35:*.gif=01;35:*.bmp=01;35:*.pbm=01;35:*.pgm=01;35:*.ppm=01;35:*.tga=01;35:*.xbm=01;35:*.xpm=01;35:*.tif=01;35:*.tiff=01;35:*.png=01;35:*.svg=01;35:*.svgz=01;35:*.mng=01;35:*.pcx=01;35:*.mov=01;35:*.mpg=01;35:*.mpeg=01;35:*.m2v=01;35:*.mkv=01;35:*.webm=01;35:*.ogm=01;35:*.mp4=01;35:*.m4v=01;35:*.mp4v=01;35:*.vob=01;35:*.qt=01;35:*.nuv=01;35:*.wmv=01;35:*.asf=01;35:*.rm=01;35:*.rmvb=01;35:*.flc=01;35:*.avi=01;35:*.fli=01;35:*.flv=01;35:*.gl=01;35:*.dl=01;35:*.xcf=01;35:*.xwd=01;35:*.yuv=01;35:*.cgm=01;35:*.emf=01;35:*.ogv=01;35:*.ogx=01;35:*.aac=00;36:*.au=00;36:*.flac=00;36:*.m4a=00;36:*.mid=00;36:*.midi=00;36:*.mka=00;36:*.mp3=00;36:*.mpc=00;36:*.ogg=00;36:*.ra=00;36:*.wav=00;36:*.oga=00;36:*.opus=00;36:*.spx=00;36:*.xspf=00;36:, XDG_SESSION_DESKTOP=ubuntu, SHLVL=1, LESSCLOSE=/usr/bin/lesspipe %s %s, QT_IM_MODULE=xim, TERM=xterm-256color, XDG_CONFIG_DIRS=/etc/xdg/xdg-ubuntu:/etc/xdg, GNOME_TERMINAL_SERVICE=:1.170, LANG=en_IN, XDG_SESSION_ID=3, XDG_SESSION_TYPE=x11, DISPLAY=:0, MAVEN_CMD_LINE_ARGS= clean package, _=/usr/bin/mvn, GPG_AGENT_INFO=/run/user/1001/gnupg/S.gpg-agent:0:1, MAVEN_PROJECTBASEDIR=/home/opstree/OT-MicroServices-Training/salary, DESKTOP_SESSION=ubuntu, USER=opstree, XDG_MENU_PREFIX=gnome-, VTE_VERSION=5202, QT_ACCESSIBILITY=1, WINDOWPATH=2, SSH_AUTH_SOCK=/run/user/1001/keyring/ssh, XDG_SEAT=seat0, GNOME_SHELL_SESSION_MODE=ubuntu, XDG_VTNR=2, XDG_RUNTIME_DIR=/run/user/1001, HOME=/home/opstree}}]
12:04:58.347 [main] DEBUG org.springframework.core.io.support.PathMatchingResourcePatternResolver - Resolved classpath location [com/opstree/salary/] to resources [URL [file:/home/opstree/OT-MicroServices-Training/salary/target/test-classes/com/opstree/salary/], URL [file:/home/opstree/OT-MicroServices-Training/salary/target/generated-classes/cobertura/com/opstree/salary/]]
12:04:58.348 [main] DEBUG org.springframework.core.io.support.PathMatchingResourcePatternResolver - Looking for matching resources in directory tree [/home/opstree/OT-MicroServices-Training/salary/target/test-classes/com/opstree/salary]
12:04:58.348 [main] DEBUG org.springframework.core.io.support.PathMatchingResourcePatternResolver - Searching directory [/home/opstree/OT-MicroServices-Training/salary/target/test-classes/com/opstree/salary] for files matching pattern [/home/opstree/OT-MicroServices-Training/salary/target/test-classes/com/opstree/salary/*.class]
12:04:58.351 [main] DEBUG org.springframework.core.io.support.PathMatchingResourcePatternResolver - Looking for matching resources in directory tree [/home/opstree/OT-MicroServices-Training/salary/target/generated-classes/cobertura/com/opstree/salary]
12:04:58.351 [main] DEBUG org.springframework.core.io.support.PathMatchingResourcePatternResolver - Searching directory [/home/opstree/OT-MicroServices-Training/salary/target/generated-classes/cobertura/com/opstree/salary] for files matching pattern [/home/opstree/OT-MicroServices-Training/salary/target/generated-classes/cobertura/com/opstree/salary/*.class]
12:04:58.353 [main] DEBUG org.springframework.core.io.support.PathMatchingResourcePatternResolver - Resolved location pattern [classpath*:com/opstree/salary/*.class] to resources [file [/home/opstree/OT-MicroServices-Training/salary/target/test-classes/com/opstree/salary/ApplicationTest.class], file [/home/opstree/OT-MicroServices-Training/salary/target/test-classes/com/opstree/salary/TestClient.class], file [/home/opstree/OT-MicroServices-Training/salary/target/test-classes/com/opstree/salary/TestController.class], file [/home/opstree/OT-MicroServices-Training/salary/target/generated-classes/cobertura/com/opstree/salary/Application.class]]
12:04:58.398 [main] DEBUG org.springframework.context.annotation.ClassPathScanningCandidateComponentProvider - Identified candidate component class: file [/home/opstree/OT-MicroServices-Training/salary/target/generated-classes/cobertura/com/opstree/salary/Application.class]
12:04:58.399 [main] INFO org.springframework.boot.test.context.SpringBootTestContextBootstrapper - Found @SpringBootConfiguration com.opstree.salary.Application for test class com.opstree.salary.ApplicationTest
12:04:58.511 [main] DEBUG org.springframework.boot.test.context.SpringBootTestContextBootstrapper - @TestExecutionListeners is not present for class [com.opstree.salary.ApplicationTest]: using defaults.
12:04:58.511 [main] INFO org.springframework.boot.test.context.SpringBootTestContextBootstrapper - Loaded default TestExecutionListener class names from location [META-INF/spring.factories]: [org.springframework.boot.test.mock.mockito.MockitoTestExecutionListener, org.springframework.boot.test.mock.mockito.ResetMocksTestExecutionListener, org.springframework.boot.test.autoconfigure.restdocs.RestDocsTestExecutionListener, org.springframework.boot.test.autoconfigure.web.client.MockRestServiceServerResetTestExecutionListener, org.springframework.boot.test.autoconfigure.web.servlet.MockMvcPrintOnlyOnFailureTestExecutionListener, org.springframework.boot.test.autoconfigure.web.servlet.WebDriverTestExecutionListener, org.springframework.test.context.web.ServletTestExecutionListener, org.springframework.test.context.support.DirtiesContextBeforeModesTestExecutionListener, org.springframework.test.context.support.DependencyInjectionTestExecutionListener, org.springframework.test.context.support.DirtiesContextTestExecutionListener, org.springframework.test.context.transaction.TransactionalTestExecutionListener, org.springframework.test.context.jdbc.SqlScriptsTestExecutionListener]
12:04:58.517 [main] DEBUG org.springframework.boot.test.context.SpringBootTestContextBootstrapper - Skipping candidate TestExecutionListener [org.springframework.test.context.transaction.TransactionalTestExecutionListener] due to a missing dependency. Specify custom listener classes or make the default listener classes and their required dependencies available. Offending class: [org/springframework/transaction/interceptor/TransactionAttributeSource]
12:04:58.518 [main] DEBUG org.springframework.boot.test.context.SpringBootTestContextBootstrapper - Skipping candidate TestExecutionListener [org.springframework.test.context.jdbc.SqlScriptsTestExecutionListener] due to a missing dependency. Specify custom listener classes or make the default listener classes and their required dependencies available. Offending class: [org/springframework/transaction/interceptor/TransactionAttribute]
12:04:58.518 [main] INFO org.springframework.boot.test.context.SpringBootTestContextBootstrapper - Using TestExecutionListeners: [org.springframework.test.context.web.ServletTestExecutionListener@1a245833, org.springframework.test.context.support.DirtiesContextBeforeModesTestExecutionListener@673fdbce, org.springframework.boot.test.mock.mockito.MockitoTestExecutionListener@5965d37, org.springframework.boot.test.autoconfigure.SpringBootDependencyInjectionTestExecutionListener@7a5ceedd, org.springframework.test.context.support.DirtiesContextTestExecutionListener@4201c465, org.springframework.boot.test.mock.mockito.ResetMocksTestExecutionListener@5b799640, org.springframework.boot.test.autoconfigure.restdocs.RestDocsTestExecutionListener@6cb107fd, org.springframework.boot.test.autoconfigure.web.client.MockRestServiceServerResetTestExecutionListener@710636b0, org.springframework.boot.test.autoconfigure.web.servlet.MockMvcPrintOnlyOnFailureTestExecutionListener@3de8f619, org.springframework.boot.test.autoconfigure.web.servlet.WebDriverTestExecutionListener@2ab4bc72]
12:04:58.519 [main] DEBUG org.springframework.test.annotation.ProfileValueUtils - Retrieved @ProfileValueSourceConfiguration [null] for test class [com.opstree.salary.ApplicationTest]
12:04:58.520 [main] DEBUG org.springframework.test.annotation.ProfileValueUtils - Retrieved ProfileValueSource type [class org.springframework.test.annotation.SystemProfileValueSource] for class [com.opstree.salary.ApplicationTest]
12:04:58.520 [main] DEBUG org.springframework.test.annotation.ProfileValueUtils - Retrieved @ProfileValueSourceConfiguration [null] for test class [com.opstree.salary.ApplicationTest]
12:04:58.520 [main] DEBUG org.springframework.test.annotation.ProfileValueUtils - Retrieved ProfileValueSource type [class org.springframework.test.annotation.SystemProfileValueSource] for class [com.opstree.salary.ApplicationTest]
12:04:58.525 [main] DEBUG org.springframework.test.context.support.AbstractDirtiesContextTestExecutionListener - Before test class: context [DefaultTestContext@dc7df28 testClass = ApplicationTest, testInstance = [null], testMethod = [null], testException = [null], mergedContextConfiguration = [WebMergedContextConfiguration@30f842ca testClass = ApplicationTest, locations = '{}', classes = '{class com.opstree.salary.Application}', contextInitializerClasses = '[]', activeProfiles = '{}', propertySourceLocations = '{}', propertySourceProperties = '{org.springframework.boot.test.context.SpringBootTestContextBootstrapper=true}', contextCustomizers = set[[ImportsContextCustomizer@69c81773 key = [org.springframework.boot.test.autoconfigure.web.servlet.MockMvcAutoConfiguration, org.springframework.boot.test.autoconfigure.web.servlet.MockMvcSecurityAutoConfiguration, org.springframework.boot.test.autoconfigure.web.servlet.MockMvcWebClientAutoConfiguration, org.springframework.boot.test.autoconfigure.web.servlet.MockMvcWebDriverAutoConfiguration]], org.springframework.boot.test.context.filter.ExcludeFilterContextCustomizer@149e0f5d, org.springframework.boot.test.json.DuplicateJsonObjectContextCustomizerFactory$DuplicateJsonObjectContextCustomizer@6af93788, org.springframework.boot.test.mock.mockito.MockitoContextCustomizer@0, org.springframework.boot.test.web.client.TestRestTemplateContextCustomizer@3c419631, org.springframework.boot.test.autoconfigure.properties.PropertyMappingContextCustomizer@e7e8512, org.springframework.boot.test.autoconfigure.web.servlet.WebDriverContextCustomizerFactory$Customizer@6a400542], resourceBasePath = 'src/main/webapp', contextLoader = 'org.springframework.boot.test.context.SpringBootContextLoader', parent = [null]], attributes = map['org.springframework.test.context.web.ServletTestExecutionListener.activateListener' -> true]], class annotated with @DirtiesContext [false] with mode [null].
12:04:58.526 [main] DEBUG org.springframework.test.annotation.ProfileValueUtils - Retrieved @ProfileValueSourceConfiguration [null] for test class [com.opstree.salary.ApplicationTest]
12:04:58.526 [main] DEBUG org.springframework.test.annotation.ProfileValueUtils - Retrieved ProfileValueSource type [class org.springframework.test.annotation.SystemProfileValueSource] for class [com.opstree.salary.ApplicationTest]
12:04:58.539 [main] DEBUG org.springframework.core.env.StandardEnvironment - Adding PropertySource 'systemProperties' with lowest search precedence
12:04:58.540 [main] DEBUG org.springframework.core.env.StandardEnvironment - Adding PropertySource 'systemEnvironment' with lowest search precedence
12:04:58.540 [main] DEBUG org.springframework.core.env.StandardEnvironment - Initialized StandardEnvironment with PropertySources [MapPropertySource@343812839 {name='systemProperties', properties={sun.desktop=gnome, awt.toolkit=sun.awt.X11.XToolkit, java.specification.version=11, sun.cpu.isalist=, sun.jnu.encoding=UTF-8, java.class.path=/home/opstree/OT-MicroServices-Training/salary/target/test-classes:/home/opstree/OT-MicroServices-Training/salary/target/generated-classes/cobertura:/home/opstree/.m2/repository/org/springframework/boot/spring-boot-starter-web/2.5.2/spring-boot-starter-web-2.5.2.jar:/home/opstree/.m2/repository/org/springframework/boot/spring-boot-starter/2.0.4.RELEASE/spring-boot-starter-2.0.4.RELEASE.jar:/home/opstree/.m2/repository/org/springframework/boot/spring-boot/2.0.4.RELEASE/spring-boot-2.0.4.RELEASE.jar:/home/opstree/.m2/repository/org/springframework/boot/spring-boot-autoconfigure/2.0.4.RELEASE/spring-boot-autoconfigure-2.0.4.RELEASE.jar:/home/opstree/.m2/repository/org/springframework/boot/spring-boot-starter-logging/2.0.4.RELEASE/spring-boot-starter-logging-2.0.4.RELEASE.jar:/home/opstree/.m2/repository/ch/qos/logback/logback-classic/1.2.3/logback-classic-1.2.3.jar:/home/opstree/.m2/repository/ch/qos/logback/logback-core/1.2.3/logback-core-1.2.3.jar:/home/opstree/.m2/repository/org/apache/logging/log4j/log4j-to-slf4j/2.10.0/log4j-to-slf4j-2.10.0.jar:/home/opstree/.m2/repository/org/slf4j/jul-to-slf4j/1.7.25/jul-to-slf4j-1.7.25.jar:/home/opstree/.m2/repository/javax/annotation/javax.annotation-api/1.3.2/javax.annotation-api-1.3.2.jar:/home/opstree/.m2/repository/org/yaml/snakeyaml/1.19/snakeyaml-1.19.jar:/home/opstree/.m2/repository/org/springframework/boot/spring-boot-starter-json/2.0.4.RELEASE/spring-boot-starter-json-2.0.4.RELEASE.jar:/home/opstree/.m2/repository/com/fasterxml/jackson/datatype/jackson-datatype-jdk8/2.9.6/jackson-datatype-jdk8-2.9.6.jar:/home/opstree/.m2/repository/com/fasterxml/jackson/datatype/jackson-datatype-jsr310/2.9.6/jackson-datatype-jsr310-2.9.6.jar:/home/opstree/.m2/repository/com/fasterxml/jackson/module/jackson-module-parameter-names/2.9.6/jackson-module-parameter-names-2.9.6.jar:/home/opstree/.m2/repository/org/springframework/boot/spring-boot-starter-tomcat/2.0.4.RELEASE/spring-boot-starter-tomcat-2.0.4.RELEASE.jar:/home/opstree/.m2/repository/org/apache/tomcat/embed/tomcat-embed-core/8.5.32/tomcat-embed-core-8.5.32.jar:/home/opstree/.m2/repository/org/apache/tomcat/embed/tomcat-embed-el/8.5.32/tomcat-embed-el-8.5.32.jar:/home/opstree/.m2/repository/org/apache/tomcat/embed/tomcat-embed-websocket/8.5.32/tomcat-embed-websocket-8.5.32.jar:/home/opstree/.m2/repository/org/springframework/spring-web/5.0.8.RELEASE/spring-web-5.0.8.RELEASE.jar:/home/opstree/.m2/repository/org/springframework/spring-beans/5.0.8.RELEASE/spring-beans-5.0.8.RELEASE.jar:/home/opstree/.m2/repository/org/springframework/spring-webmvc/5.0.8.RELEASE/spring-webmvc-5.0.8.RELEASE.jar:/home/opstree/.m2/repository/org/springframework/spring-aop/5.0.8.RELEASE/spring-aop-5.0.8.RELEASE.jar:/home/opstree/.m2/repository/org/springframework/spring-context/5.0.8.RELEASE/spring-context-5.0.8.RELEASE.jar:/home/opstree/.m2/repository/org/springframework/spring-expression/5.0.8.RELEASE/spring-expression-5.0.8.RELEASE.jar:/home/opstree/.m2/repository/org/springframework/boot/spring-boot-starter-test/2.5.2/spring-boot-starter-test-2.5.2.jar:/home/opstree/.m2/repository/org/springframework/boot/spring-boot-test/2.0.4.RELEASE/spring-boot-test-2.0.4.RELEASE.jar:/home/opstree/.m2/repository/org/springframework/boot/spring-boot-test-autoconfigure/2.0.4.RELEASE/spring-boot-test-autoconfigure-2.0.4.RELEASE.jar:/home/opstree/.m2/repository/com/jayway/jsonpath/json-path/2.4.0/json-path-2.4.0.jar:/home/opstree/.m2/repository/net/minidev/json-smart/2.3/json-smart-2.3.jar:/home/opstree/.m2/repository/net/minidev/accessors-smart/1.2/accessors-smart-1.2.jar:/home/opstree/.m2/repository/org/ow2/asm/asm/5.0.4/asm-5.0.4.jar:/home/opstree/.m2/repository/org/slf4j/slf4j-api/1.7.25/slf4j-api-1.7.25.jar:/home/opstree/.m2/repository/jakarta/xml/bind/jakarta.xml.bind-api/2.3.3/jakarta.xml.bind-api-2.3.3.jar:/home/opstree/.m2/repository/jakarta/activation/jakarta.activation-api/1.2.2/jakarta.activation-api-1.2.2.jar:/home/opstree/.m2/repository/org/assertj/assertj-core/3.9.1/assertj-core-3.9.1.jar:/home/opstree/.m2/repository/org/hamcrest/hamcrest/2.2/hamcrest-2.2.jar:/home/opstree/.m2/repository/org/junit/jupiter/junit-jupiter/5.7.2/junit-jupiter-5.7.2.jar:/home/opstree/.m2/repository/org/junit/jupiter/junit-jupiter-params/5.1.1/junit-jupiter-params-5.1.1.jar:/home/opstree/.m2/repository/org/mockito/mockito-core/2.15.0/mockito-core-2.15.0.jar:/home/opstree/.m2/repository/net/bytebuddy/byte-buddy/1.7.11/byte-buddy-1.7.11.jar:/home/opstree/.m2/repository/net/bytebuddy/byte-buddy-agent/1.7.11/byte-buddy-agent-1.7.11.jar:/home/opstree/.m2/repository/org/objenesis/objenesis/2.6/objenesis-2.6.jar:/home/opstree/.m2/repository/org/mockito/mockito-junit-jupiter/3.9.0/mockito-junit-jupiter-3.9.0.jar:/home/opstree/.m2/repository/org/skyscreamer/jsonassert/1.5.0/jsonassert-1.5.0.jar:/home/opstree/.m2/repository/com/vaadin/external/google/android-json/0.0.20131108.vaadin1/android-json-0.0.20131108.vaadin1.jar:/home/opstree/.m2/repository/org/springframework/spring-core/5.0.8.RELEASE/spring-core-5.0.8.RELEASE.jar:/home/opstree/.m2/repository/org/springframework/spring-jcl/5.0.8.RELEASE/spring-jcl-5.0.8.RELEASE.jar:/home/opstree/.m2/repository/org/springframework/spring-test/5.0.8.RELEASE/spring-test-5.0.8.RELEASE.jar:/home/opstree/.m2/repository/org/xmlunit/xmlunit-core/2.5.1/xmlunit-core-2.5.1.jar:/home/opstree/.m2/repository/junit/junit/4.12/junit-4.12.jar:/home/opstree/.m2/repository/org/hamcrest/hamcrest-core/1.3/hamcrest-core-1.3.jar:/home/opstree/.m2/repository/org/junit/jupiter/junit-jupiter-api/5.7.2/junit-jupiter-api-5.7.2.jar:/home/opstree/.m2/repository/org/apiguardian/apiguardian-api/1.1.0/apiguardian-api-1.1.0.jar:/home/opstree/.m2/repository/org/opentest4j/opentest4j/1.2.0/opentest4j-1.2.0.jar:/home/opstree/.m2/repository/org/junit/platform/junit-platform-commons/1.7.2/junit-platform-commons-1.7.2.jar:/home/opstree/.m2/repository/org/junit/jupiter/junit-jupiter-engine/5.7.2/junit-jupiter-engine-5.7.2.jar:/home/opstree/.m2/repository/org/junit/platform/junit-platform-engine/1.7.2/junit-platform-engine-1.7.2.jar:/home/opstree/.m2/repository/org/elasticsearch/elasticsearch/7.6.2/elasticsearch-7.6.2.jar:/home/opstree/.m2/repository/org/elasticsearch/elasticsearch-core/7.6.2/elasticsearch-core-7.6.2.jar:/home/opstree/.m2/repository/org/elasticsearch/elasticsearch-secure-sm/7.6.2/elasticsearch-secure-sm-7.6.2.jar:/home/opstree/.m2/repository/org/elasticsearch/elasticsearch-x-content/7.6.2/elasticsearch-x-content-7.6.2.jar:/home/opstree/.m2/repository/com/fasterxml/jackson/dataformat/jackson-dataformat-smile/2.9.6/jackson-dataformat-smile-2.9.6.jar:/home/opstree/.m2/repository/com/fasterxml/jackson/dataformat/jackson-dataformat-yaml/2.9.6/jackson-dataformat-yaml-2.9.6.jar:/home/opstree/.m2/repository/com/fasterxml/jackson/dataformat/jackson-dataformat-cbor/2.9.6/jackson-dataformat-cbor-2.9.6.jar:/home/opstree/.m2/repository/org/elasticsearch/elasticsearch-geo/7.6.2/elasticsearch-geo-7.6.2.jar:/home/opstree/.m2/repository/org/apache/lucene/lucene-core/8.4.0/lucene-core-8.4.0.jar:/home/opstree/.m2/repository/org/apache/lucene/lucene-analyzers-common/8.4.0/lucene-analyzers-common-8.4.0.jar:/home/opstree/.m2/repository/org/apache/lucene/lucene-backward-codecs/8.4.0/lucene-backward-codecs-8.4.0.jar:/home/opstree/.m2/repository/org/apache/lucene/lucene-grouping/8.4.0/lucene-grouping-8.4.0.jar:/home/opstree/.m2/repository/org/apache/lucene/lucene-highlighter/8.4.0/lucene-highlighter-8.4.0.jar:/home/opstree/.m2/repository/org/apache/lucene/lucene-join/8.4.0/lucene-join-8.4.0.jar:/home/opstree/.m2/repository/org/apache/lucene/lucene-memory/8.4.0/lucene-memory-8.4.0.jar:/home/opstree/.m2/repository/org/apache/lucene/lucene-misc/8.4.0/lucene-misc-8.4.0.jar:/home/opstree/.m2/repository/org/apache/lucene/lucene-queries/8.4.0/lucene-queries-8.4.0.jar:/home/opstree/.m2/repository/org/apache/lucene/lucene-queryparser/8.4.0/lucene-queryparser-8.4.0.jar:/home/opstree/.m2/repository/org/apache/lucene/lucene-sandbox/8.4.0/lucene-sandbox-8.4.0.jar:/home/opstree/.m2/repository/org/apache/lucene/lucene-spatial/8.4.0/lucene-spatial-8.4.0.jar:/home/opstree/.m2/repository/org/apache/lucene/lucene-spatial-extras/8.4.0/lucene-spatial-extras-8.4.0.jar:/home/opstree/.m2/repository/org/apache/lucene/lucene-spatial3d/8.4.0/lucene-spatial3d-8.4.0.jar:/home/opstree/.m2/repository/org/apache/lucene/lucene-suggest/8.4.0/lucene-suggest-8.4.0.jar:/home/opstree/.m2/repository/org/elasticsearch/elasticsearch-cli/7.6.2/elasticsearch-cli-7.6.2.jar:/home/opstree/.m2/repository/net/sf/jopt-simple/jopt-simple/5.0.2/jopt-simple-5.0.2.jar:/home/opstree/.m2/repository/com/carrotsearch/hppc/0.8.1/hppc-0.8.1.jar:/home/opstree/.m2/repository/joda-time/joda-time/2.9.9/joda-time-2.9.9.jar:/home/opstree/.m2/repository/com/tdunning/t-digest/3.2/t-digest-3.2.jar:/home/opstree/.m2/repository/org/hdrhistogram/HdrHistogram/2.1.9/HdrHistogram-2.1.9.jar:/home/opstree/.m2/repository/org/apache/logging/log4j/log4j-api/2.10.0/log4j-api-2.10.0.jar:/home/opstree/.m2/repository/org/elasticsearch/jna/4.5.1/jna-4.5.1.jar:/home/opstree/.m2/repository/org/elasticsearch/client/elasticsearch-rest-high-level-client/7.6.2/elasticsearch-rest-high-level-client-7.6.2.jar:/home/opstree/.m2/repository/org/elasticsearch/client/elasticsearch-rest-client/7.6.2/elasticsearch-rest-client-7.6.2.jar:/home/opstree/.m2/repository/org/apache/httpcomponents/httpclient/4.5.6/httpclient-4.5.6.jar:/home/opstree/.m2/repository/org/apache/httpcomponents/httpcore/4.4.10/httpcore-4.4.10.jar:/home/opstree/.m2/repository/org/apache/httpcomponents/httpasyncclient/4.1.3/httpasyncclient-4.1.3.jar:/home/opstree/.m2/repository/org/apache/httpcomponents/httpcore-nio/4.4.10/httpcore-nio-4.4.10.jar:/home/opstree/.m2/repository/commons-codec/commons-codec/1.11/commons-codec-1.11.jar:/home/opstree/.m2/repository/commons-logging/commons-logging/1.1.3/commons-logging-1.1.3.jar:/home/opstree/.m2/repository/org/elasticsearch/plugin/mapper-extras-client/7.6.2/mapper-extras-client-7.6.2.jar:/home/opstree/.m2/repository/org/elasticsearch/plugin/parent-join-client/7.6.2/parent-join-client-7.6.2.jar:/home/opstree/.m2/repository/org/elasticsearch/plugin/aggs-matrix-stats-client/7.6.2/aggs-matrix-stats-client-7.6.2.jar:/home/opstree/.m2/repository/org/elasticsearch/plugin/rank-eval-client/7.6.2/rank-eval-client-7.6.2.jar:/home/opstree/.m2/repository/org/elasticsearch/plugin/lang-mustache-client/7.6.2/lang-mustache-client-7.6.2.jar:/home/opstree/.m2/repository/com/github/spullara/mustache/java/compiler/0.9.6/compiler-0.9.6.jar:/home/opstree/.m2/repository/org/projectlombok/lombok/1.16.22/lombok-1.16.22.jar:/home/opstree/.m2/repository/com/google/code/gson/gson/2.8.5/gson-2.8.5.jar:/home/opstree/.m2/repository/com/fasterxml/jackson/core/jackson-databind/2.9.10.4/jackson-databind-2.9.10.4.jar:/home/opstree/.m2/repository/com/fasterxml/jackson/core/jackson-annotations/2.9.0/jackson-annotations-2.9.0.jar:/home/opstree/.m2/repository/com/fasterxml/jackson/core/jackson-core/2.9.6/jackson-core-2.9.6.jar:/home/opstree/.m2/repository/net/sourceforge/cobertura/cobertura/1.9.4.1/cobertura-1.9.4.1.jar:/home/opstree/.m2/repository/org/apache/ant/ant/1.7.0/ant-1.7.0.jar:/home/opstree/.m2/repository/org/apache/ant/ant-launcher/1.7.0/ant-launcher-1.7.0.jar:, java.vm.vendor=Ubuntu, sun.arch.data.model=64, java.vendor.url=https://ubuntu.com/, user.timezone=Asia/Kolkata, os.name=Linux, java.vm.specification.version=11, sun.java.launcher=SUN_STANDARD, user.country=IN, sun.boot.library.path=/usr/lib/jvm/java-11-openjdk-amd64/lib, sun.java.command=/home/opstree/OT-MicroServices-Training/salary/target/surefire/surefirebooter16952821175928221540.jar /home/opstree/OT-MicroServices-Training/salary/target/surefire/surefire6068705973928166326tmp /home/opstree/OT-MicroServices-Training/salary/target/surefire/surefire_112542838961588926981tmp, jdk.debug=release, surefire.test.class.path=/home/opstree/OT-MicroServices-Training/salary/target/test-classes:/home/opstree/OT-MicroServices-Training/salary/target/generated-classes/cobertura:/home/opstree/.m2/repository/org/springframework/boot/spring-boot-starter-web/2.5.2/spring-boot-starter-web-2.5.2.jar:/home/opstree/.m2/repository/org/springframework/boot/spring-boot-starter/2.0.4.RELEASE/spring-boot-starter-2.0.4.RELEASE.jar:/home/opstree/.m2/repository/org/springframework/boot/spring-boot/2.0.4.RELEASE/spring-boot-2.0.4.RELEASE.jar:/home/opstree/.m2/repository/org/springframework/boot/spring-boot-autoconfigure/2.0.4.RELEASE/spring-boot-autoconfigure-2.0.4.RELEASE.jar:/home/opstree/.m2/repository/org/springframework/boot/spring-boot-starter-logging/2.0.4.RELEASE/spring-boot-starter-logging-2.0.4.RELEASE.jar:/home/opstree/.m2/repository/ch/qos/logback/logback-classic/1.2.3/logback-classic-1.2.3.jar:/home/opstree/.m2/repository/ch/qos/logback/logback-core/1.2.3/logback-core-1.2.3.jar:/home/opstree/.m2/repository/org/apache/logging/log4j/log4j-to-slf4j/2.10.0/log4j-to-slf4j-2.10.0.jar:/home/opstree/.m2/repository/org/slf4j/jul-to-slf4j/1.7.25/jul-to-slf4j-1.7.25.jar:/home/opstree/.m2/repository/javax/annotation/javax.annotation-api/1.3.2/javax.annotation-api-1.3.2.jar:/home/opstree/.m2/repository/org/yaml/snakeyaml/1.19/snakeyaml-1.19.jar:/home/opstree/.m2/repository/org/springframework/boot/spring-boot-starter-json/2.0.4.RELEASE/spring-boot-starter-json-2.0.4.RELEASE.jar:/home/opstree/.m2/repository/com/fasterxml/jackson/datatype/jackson-datatype-jdk8/2.9.6/jackson-datatype-jdk8-2.9.6.jar:/home/opstree/.m2/repository/com/fasterxml/jackson/datatype/jackson-datatype-jsr310/2.9.6/jackson-datatype-jsr310-2.9.6.jar:/home/opstree/.m2/repository/com/fasterxml/jackson/module/jackson-module-parameter-names/2.9.6/jackson-module-parameter-names-2.9.6.jar:/home/opstree/.m2/repository/org/springframework/boot/spring-boot-starter-tomcat/2.0.4.RELEASE/spring-boot-starter-tomcat-2.0.4.RELEASE.jar:/home/opstree/.m2/repository/org/apache/tomcat/embed/tomcat-embed-core/8.5.32/tomcat-embed-core-8.5.32.jar:/home/opstree/.m2/repository/org/apache/tomcat/embed/tomcat-embed-el/8.5.32/tomcat-embed-el-8.5.32.jar:/home/opstree/.m2/repository/org/apache/tomcat/embed/tomcat-embed-websocket/8.5.32/tomcat-embed-websocket-8.5.32.jar:/home/opstree/.m2/repository/org/springframework/spring-web/5.0.8.RELEASE/spring-web-5.0.8.RELEASE.jar:/home/opstree/.m2/repository/org/springframework/spring-beans/5.0.8.RELEASE/spring-beans-5.0.8.RELEASE.jar:/home/opstree/.m2/repository/org/springframework/spring-webmvc/5.0.8.RELEASE/spring-webmvc-5.0.8.RELEASE.jar:/home/opstree/.m2/repository/org/springframework/spring-aop/5.0.8.RELEASE/spring-aop-5.0.8.RELEASE.jar:/home/opstree/.m2/repository/org/springframework/spring-context/5.0.8.RELEASE/spring-context-5.0.8.RELEASE.jar:/home/opstree/.m2/repository/org/springframework/spring-expression/5.0.8.RELEASE/spring-expression-5.0.8.RELEASE.jar:/home/opstree/.m2/repository/org/springframework/boot/spring-boot-starter-test/2.5.2/spring-boot-starter-test-2.5.2.jar:/home/opstree/.m2/repository/org/springframework/boot/spring-boot-test/2.0.4.RELEASE/spring-boot-test-2.0.4.RELEASE.jar:/home/opstree/.m2/repository/org/springframework/boot/spring-boot-test-autoconfigure/2.0.4.RELEASE/spring-boot-test-autoconfigure-2.0.4.RELEASE.jar:/home/opstree/.m2/repository/com/jayway/jsonpath/json-path/2.4.0/json-path-2.4.0.jar:/home/opstree/.m2/repository/net/minidev/json-smart/2.3/json-smart-2.3.jar:/home/opstree/.m2/repository/net/minidev/accessors-smart/1.2/accessors-smart-1.2.jar:/home/opstree/.m2/repository/org/ow2/asm/asm/5.0.4/asm-5.0.4.jar:/home/opstree/.m2/repository/org/slf4j/slf4j-api/1.7.25/slf4j-api-1.7.25.jar:/home/opstree/.m2/repository/jakarta/xml/bind/jakarta.xml.bind-api/2.3.3/jakarta.xml.bind-api-2.3.3.jar:/home/opstree/.m2/repository/jakarta/activation/jakarta.activation-api/1.2.2/jakarta.activation-api-1.2.2.jar:/home/opstree/.m2/repository/org/assertj/assertj-core/3.9.1/assertj-core-3.9.1.jar:/home/opstree/.m2/repository/org/hamcrest/hamcrest/2.2/hamcrest-2.2.jar:/home/opstree/.m2/repository/org/junit/jupiter/junit-jupiter/5.7.2/junit-jupiter-5.7.2.jar:/home/opstree/.m2/repository/org/junit/jupiter/junit-jupiter-params/5.1.1/junit-jupiter-params-5.1.1.jar:/home/opstree/.m2/repository/org/mockito/mockito-core/2.15.0/mockito-core-2.15.0.jar:/home/opstree/.m2/repository/net/bytebuddy/byte-buddy/1.7.11/byte-buddy-1.7.11.jar:/home/opstree/.m2/repository/net/bytebuddy/byte-buddy-agent/1.7.11/byte-buddy-agent-1.7.11.jar:/home/opstree/.m2/repository/org/objenesis/objenesis/2.6/objenesis-2.6.jar:/home/opstree/.m2/repository/org/mockito/mockito-junit-jupiter/3.9.0/mockito-junit-jupiter-3.9.0.jar:/home/opstree/.m2/repository/org/skyscreamer/jsonassert/1.5.0/jsonassert-1.5.0.jar:/home/opstree/.m2/repository/com/vaadin/external/google/android-json/0.0.20131108.vaadin1/android-json-0.0.20131108.vaadin1.jar:/home/opstree/.m2/repository/org/springframework/spring-core/5.0.8.RELEASE/spring-core-5.0.8.RELEASE.jar:/home/opstree/.m2/repository/org/springframework/spring-jcl/5.0.8.RELEASE/spring-jcl-5.0.8.RELEASE.jar:/home/opstree/.m2/repository/org/springframework/spring-test/5.0.8.RELEASE/spring-test-5.0.8.RELEASE.jar:/home/opstree/.m2/repository/org/xmlunit/xmlunit-core/2.5.1/xmlunit-core-2.5.1.jar:/home/opstree/.m2/repository/junit/junit/4.12/junit-4.12.jar:/home/opstree/.m2/repository/org/hamcrest/hamcrest-core/1.3/hamcrest-core-1.3.jar:/home/opstree/.m2/repository/org/junit/jupiter/junit-jupiter-api/5.7.2/junit-jupiter-api-5.7.2.jar:/home/opstree/.m2/repository/org/apiguardian/apiguardian-api/1.1.0/apiguardian-api-1.1.0.jar:/home/opstree/.m2/repository/org/opentest4j/opentest4j/1.2.0/opentest4j-1.2.0.jar:/home/opstree/.m2/repository/org/junit/platform/junit-platform-commons/1.7.2/junit-platform-commons-1.7.2.jar:/home/opstree/.m2/repository/org/junit/jupiter/junit-jupiter-engine/5.7.2/junit-jupiter-engine-5.7.2.jar:/home/opstree/.m2/repository/org/junit/platform/junit-platform-engine/1.7.2/junit-platform-engine-1.7.2.jar:/home/opstree/.m2/repository/org/elasticsearch/elasticsearch/7.6.2/elasticsearch-7.6.2.jar:/home/opstree/.m2/repository/org/elasticsearch/elasticsearch-core/7.6.2/elasticsearch-core-7.6.2.jar:/home/opstree/.m2/repository/org/elasticsearch/elasticsearch-secure-sm/7.6.2/elasticsearch-secure-sm-7.6.2.jar:/home/opstree/.m2/repository/org/elasticsearch/elasticsearch-x-content/7.6.2/elasticsearch-x-content-7.6.2.jar:/home/opstree/.m2/repository/com/fasterxml/jackson/dataformat/jackson-dataformat-smile/2.9.6/jackson-dataformat-smile-2.9.6.jar:/home/opstree/.m2/repository/com/fasterxml/jackson/dataformat/jackson-dataformat-yaml/2.9.6/jackson-dataformat-yaml-2.9.6.jar:/home/opstree/.m2/repository/com/fasterxml/jackson/dataformat/jackson-dataformat-cbor/2.9.6/jackson-dataformat-cbor-2.9.6.jar:/home/opstree/.m2/repository/org/elasticsearch/elasticsearch-geo/7.6.2/elasticsearch-geo-7.6.2.jar:/home/opstree/.m2/repository/org/apache/lucene/lucene-core/8.4.0/lucene-core-8.4.0.jar:/home/opstree/.m2/repository/org/apache/lucene/lucene-analyzers-common/8.4.0/lucene-analyzers-common-8.4.0.jar:/home/opstree/.m2/repository/org/apache/lucene/lucene-backward-codecs/8.4.0/lucene-backward-codecs-8.4.0.jar:/home/opstree/.m2/repository/org/apache/lucene/lucene-grouping/8.4.0/lucene-grouping-8.4.0.jar:/home/opstree/.m2/repository/org/apache/lucene/lucene-highlighter/8.4.0/lucene-highlighter-8.4.0.jar:/home/opstree/.m2/repository/org/apache/lucene/lucene-join/8.4.0/lucene-join-8.4.0.jar:/home/opstree/.m2/repository/org/apache/lucene/lucene-memory/8.4.0/lucene-memory-8.4.0.jar:/home/opstree/.m2/repository/org/apache/lucene/lucene-misc/8.4.0/lucene-misc-8.4.0.jar:/home/opstree/.m2/repository/org/apache/lucene/lucene-queries/8.4.0/lucene-queries-8.4.0.jar:/home/opstree/.m2/repository/org/apache/lucene/lucene-queryparser/8.4.0/lucene-queryparser-8.4.0.jar:/home/opstree/.m2/repository/org/apache/lucene/lucene-sandbox/8.4.0/lucene-sandbox-8.4.0.jar:/home/opstree/.m2/repository/org/apache/lucene/lucene-spatial/8.4.0/lucene-spatial-8.4.0.jar:/home/opstree/.m2/repository/org/apache/lucene/lucene-spatial-extras/8.4.0/lucene-spatial-extras-8.4.0.jar:/home/opstree/.m2/repository/org/apache/lucene/lucene-spatial3d/8.4.0/lucene-spatial3d-8.4.0.jar:/home/opstree/.m2/repository/org/apache/lucene/lucene-suggest/8.4.0/lucene-suggest-8.4.0.jar:/home/opstree/.m2/repository/org/elasticsearch/elasticsearch-cli/7.6.2/elasticsearch-cli-7.6.2.jar:/home/opstree/.m2/repository/net/sf/jopt-simple/jopt-simple/5.0.2/jopt-simple-5.0.2.jar:/home/opstree/.m2/repository/com/carrotsearch/hppc/0.8.1/hppc-0.8.1.jar:/home/opstree/.m2/repository/joda-time/joda-time/2.9.9/joda-time-2.9.9.jar:/home/opstree/.m2/repository/com/tdunning/t-digest/3.2/t-digest-3.2.jar:/home/opstree/.m2/repository/org/hdrhistogram/HdrHistogram/2.1.9/HdrHistogram-2.1.9.jar:/home/opstree/.m2/repository/org/apache/logging/log4j/log4j-api/2.10.0/log4j-api-2.10.0.jar:/home/opstree/.m2/repository/org/elasticsearch/jna/4.5.1/jna-4.5.1.jar:/home/opstree/.m2/repository/org/elasticsearch/client/elasticsearch-rest-high-level-client/7.6.2/elasticsearch-rest-high-level-client-7.6.2.jar:/home/opstree/.m2/repository/org/elasticsearch/client/elasticsearch-rest-client/7.6.2/elasticsearch-rest-client-7.6.2.jar:/home/opstree/.m2/repository/org/apache/httpcomponents/httpclient/4.5.6/httpclient-4.5.6.jar:/home/opstree/.m2/repository/org/apache/httpcomponents/httpcore/4.4.10/httpcore-4.4.10.jar:/home/opstree/.m2/repository/org/apache/httpcomponents/httpasyncclient/4.1.3/httpasyncclient-4.1.3.jar:/home/opstree/.m2/repository/org/apache/httpcomponents/httpcore-nio/4.4.10/httpcore-nio-4.4.10.jar:/home/opstree/.m2/repository/commons-codec/commons-codec/1.11/commons-codec-1.11.jar:/home/opstree/.m2/repository/commons-logging/commons-logging/1.1.3/commons-logging-1.1.3.jar:/home/opstree/.m2/repository/org/elasticsearch/plugin/mapper-extras-client/7.6.2/mapper-extras-client-7.6.2.jar:/home/opstree/.m2/repository/org/elasticsearch/plugin/parent-join-client/7.6.2/parent-join-client-7.6.2.jar:/home/opstree/.m2/repository/org/elasticsearch/plugin/aggs-matrix-stats-client/7.6.2/aggs-matrix-stats-client-7.6.2.jar:/home/opstree/.m2/repository/org/elasticsearch/plugin/rank-eval-client/7.6.2/rank-eval-client-7.6.2.jar:/home/opstree/.m2/repository/org/elasticsearch/plugin/lang-mustache-client/7.6.2/lang-mustache-client-7.6.2.jar:/home/opstree/.m2/repository/com/github/spullara/mustache/java/compiler/0.9.6/compiler-0.9.6.jar:/home/opstree/.m2/repository/org/projectlombok/lombok/1.16.22/lombok-1.16.22.jar:/home/opstree/.m2/repository/com/google/code/gson/gson/2.8.5/gson-2.8.5.jar:/home/opstree/.m2/repository/com/fasterxml/jackson/core/jackson-databind/2.9.10.4/jackson-databind-2.9.10.4.jar:/home/opstree/.m2/repository/com/fasterxml/jackson/core/jackson-annotations/2.9.0/jackson-annotations-2.9.0.jar:/home/opstree/.m2/repository/com/fasterxml/jackson/core/jackson-core/2.9.6/jackson-core-2.9.6.jar:/home/opstree/.m2/repository/net/sourceforge/cobertura/cobertura/1.9.4.1/cobertura-1.9.4.1.jar:/home/opstree/.m2/repository/org/apache/ant/ant/1.7.0/ant-1.7.0.jar:/home/opstree/.m2/repository/org/apache/ant/ant-launcher/1.7.0/ant-launcher-1.7.0.jar:, sun.cpu.endian=little, user.home=/home/opstree, user.language=en, java.specification.vendor=Oracle Corporation, java.version.date=2021-04-20, java.home=/usr/lib/jvm/java-11-openjdk-amd64, file.separator=/, basedir=/home/opstree/OT-MicroServices-Training/salary, java.vm.compressedOopsMode=32-bit, line.separator=
, java.specification.name=Java Platform API Specification, java.vm.specification.vendor=Oracle Corporation, java.awt.graphicsenv=sun.awt.X11GraphicsEnvironment, surefire.real.class.path=/home/opstree/OT-MicroServices-Training/salary/target/surefire/surefirebooter16952821175928221540.jar, sun.management.compiler=HotSpot 64-Bit Tiered Compilers, java.runtime.version=11.0.11+9-Ubuntu-0ubuntu2.18.04, user.name=opstree, path.separator=:, os.version=5.4.0-74-generic, java.runtime.name=OpenJDK Runtime Environment, file.encoding=UTF-8, java.vm.name=OpenJDK 64-Bit Server VM, localRepository=/home/opstree/.m2/repository, java.vendor.url.bug=https://bugs.launchpad.net/ubuntu/+source/openjdk-lts, java.io.tmpdir=/tmp, java.version=11.0.11, user.dir=/home/opstree/OT-MicroServices-Training/salary, os.arch=amd64, java.vm.specification.name=Java Virtual Machine Specification, java.awt.printerjob=sun.print.PSPrinterJob, sun.os.patch.level=unknown, java.library.path=/usr/java/packages/lib:/usr/lib/x86_64-linux-gnu/jni:/lib/x86_64-linux-gnu:/usr/lib/x86_64-linux-gnu:/usr/lib/jni:/lib:/usr/lib, java.vm.info=mixed mode, sharing, java.vendor=Ubuntu, java.vm.version=11.0.11+9-Ubuntu-0ubuntu2.18.04, sun.io.unicode.encoding=UnicodeLittle, java.class.version=55.0}}, SystemEnvironmentPropertySource@1150058854 {name='systemEnvironment', properties={PATH=”/home/opstree/.local/bin:/usr/local/sbin:/usr/local/bin:/usr/sbin:/usr/bin:/sbin:/bin:/usr/games:/usr/local/games:/snap/bin:/opt/sonar-scanner-3.3.0.1492-linux/bin”, XAUTHORITY=/run/user/1001/gdm/Xauthority, XMODIFIERS=@im=ibus, XDG_DATA_DIRS=/usr/share/ubuntu:/usr/local/share/:/usr/share/:/var/lib/snapd/desktop, GDMSESSION=ubuntu, DESKTOP_MODE=1, TEXTDOMAINDIR=/usr/share/locale/, GTK_IM_MODULE=ibus, DBUS_SESSION_BUS_ADDRESS=unix:path=/run/user/1001/bus, XDG_CURRENT_DESKTOP=ubuntu:GNOME, SSH_AGENT_PID=2986, DESKTOP_AUTOSTART_ID=10bd76e221f11909f0162728450146324600000028810007, COLORTERM=truecolor, QT4_IM_MODULE=xim, SESSION_MANAGER=local/opstree-Latitude-3410:@/tmp/.ICE-unix/2881,unix/opstree-Latitude-3410:/tmp/.ICE-unix/2881, USERNAME=opstree, LOGNAME=opstree, PWD=/home/opstree/OT-MicroServices-Training/salary, IM_CONFIG_PHASE=2, LANGUAGE=en_IN:en, SHELL=/bin/bash, LESSOPEN=| /usr/bin/lesspipe %s, OLDPWD=/home/opstree/OT-MicroServices-Training/salary, GNOME_DESKTOP_SESSION_ID=this-is-deprecated, GNOME_TERMINAL_SCREEN=/org/gnome/Terminal/screen/431d5287_2f68_4f95_915c_ed7bf6042d95, GTK_MODULES=gail:atk-bridge, CLUTTER_IM_MODULE=xim, TEXTDOMAIN=im-config, LS_COLORS=rs=0:di=01;34:ln=01;36:mh=00:pi=40;33:so=01;35:do=01;35:bd=40;33;01:cd=40;33;01:or=40;31;01:mi=00:su=37;41:sg=30;43:ca=30;41:tw=30;42:ow=34;42:st=37;44:ex=01;32:*.tar=01;31:*.tgz=01;31:*.arc=01;31:*.arj=01;31:*.taz=01;31:*.lha=01;31:*.lz4=01;31:*.lzh=01;31:*.lzma=01;31:*.tlz=01;31:*.txz=01;31:*.tzo=01;31:*.t7z=01;31:*.zip=01;31:*.z=01;31:*.Z=01;31:*.dz=01;31:*.gz=01;31:*.lrz=01;31:*.lz=01;31:*.lzo=01;31:*.xz=01;31:*.zst=01;31:*.tzst=01;31:*.bz2=01;31:*.bz=01;31:*.tbz=01;31:*.tbz2=01;31:*.tz=01;31:*.deb=01;31:*.rpm=01;31:*.jar=01;31:*.war=01;31:*.ear=01;31:*.sar=01;31:*.rar=01;31:*.alz=01;31:*.ace=01;31:*.zoo=01;31:*.cpio=01;31:*.7z=01;31:*.rz=01;31:*.cab=01;31:*.wim=01;31:*.swm=01;31:*.dwm=01;31:*.esd=01;31:*.jpg=01;35:*.jpeg=01;35:*.mjpg=01;35:*.mjpeg=01;35:*.gif=01;35:*.bmp=01;35:*.pbm=01;35:*.pgm=01;35:*.ppm=01;35:*.tga=01;35:*.xbm=01;35:*.xpm=01;35:*.tif=01;35:*.tiff=01;35:*.png=01;35:*.svg=01;35:*.svgz=01;35:*.mng=01;35:*.pcx=01;35:*.mov=01;35:*.mpg=01;35:*.mpeg=01;35:*.m2v=01;35:*.mkv=01;35:*.webm=01;35:*.ogm=01;35:*.mp4=01;35:*.m4v=01;35:*.mp4v=01;35:*.vob=01;35:*.qt=01;35:*.nuv=01;35:*.wmv=01;35:*.asf=01;35:*.rm=01;35:*.rmvb=01;35:*.flc=01;35:*.avi=01;35:*.fli=01;35:*.flv=01;35:*.gl=01;35:*.dl=01;35:*.xcf=01;35:*.xwd=01;35:*.yuv=01;35:*.cgm=01;35:*.emf=01;35:*.ogv=01;35:*.ogx=01;35:*.aac=00;36:*.au=00;36:*.flac=00;36:*.m4a=00;36:*.mid=00;36:*.midi=00;36:*.mka=00;36:*.mp3=00;36:*.mpc=00;36:*.ogg=00;36:*.ra=00;36:*.wav=00;36:*.oga=00;36:*.opus=00;36:*.spx=00;36:*.xspf=00;36:, XDG_SESSION_DESKTOP=ubuntu, SHLVL=1, LESSCLOSE=/usr/bin/lesspipe %s %s, QT_IM_MODULE=xim, TERM=xterm-256color, XDG_CONFIG_DIRS=/etc/xdg/xdg-ubuntu:/etc/xdg, GNOME_TERMINAL_SERVICE=:1.170, LANG=en_IN, XDG_SESSION_ID=3, XDG_SESSION_TYPE=x11, DISPLAY=:0, MAVEN_CMD_LINE_ARGS= clean package, _=/usr/bin/mvn, GPG_AGENT_INFO=/run/user/1001/gnupg/S.gpg-agent:0:1, MAVEN_PROJECTBASEDIR=/home/opstree/OT-MicroServices-Training/salary, DESKTOP_SESSION=ubuntu, USER=opstree, XDG_MENU_PREFIX=gnome-, VTE_VERSION=5202, QT_ACCESSIBILITY=1, WINDOWPATH=2, SSH_AUTH_SOCK=/run/user/1001/keyring/ssh, XDG_SEAT=seat0, GNOME_SHELL_SESSION_MODE=ubuntu, XDG_VTNR=2, XDG_RUNTIME_DIR=/run/user/1001, HOME=/home/opstree}}]
12:04:58.545 [main] DEBUG org.springframework.test.context.support.TestPropertySourceUtils - Adding inlined properties to environment: {spring.jmx.enabled=false, org.springframework.boot.test.context.SpringBootTestContextBootstrapper=true, server.port=-1}
12:04:58.546 [main] DEBUG org.springframework.core.env.StandardEnvironment - Adding PropertySource 'Inlined Test Properties' with highest search precedence

  .   ____          _            __ _ _
 /\\ / ___'_ __ _ _(_)_ __  __ _ \ \ \ \
( ( )\___ | '_ | '_| | '_ \/ _` | \ \ \ \
 \\/  ___)| |_)| | | | | || (_| |  ) ) ) )
  '  |____| .__|_| |_|_| |_\__, | / / / /
 =========|_|==============|___/=/_/_/_/
 :: Spring Boot ::        (v2.0.4.RELEASE)

2021-07-27 12:04:58.853  INFO 20530 --- [           main] com.opstree.salary.ApplicationTest       : Starting ApplicationTest on opstree-Latitude-3410 with PID 20530 (started by opstree in /home/opstree/OT-MicroServices-Training/salary)
2021-07-27 12:04:58.855  INFO 20530 --- [           main] com.opstree.salary.ApplicationTest       : No active profile set, falling back to default profiles: default
2021-07-27 12:04:58.877  INFO 20530 --- [           main] o.s.w.c.s.GenericWebApplicationContext   : Refreshing org.springframework.web.context.support.GenericWebApplicationContext@23fb172e: startup date [Tue Jul 27 12:04:58 IST 2021]; root of context hierarchy
2021-07-27 12:04:59.628  WARN 20530 --- [           main] o.s.w.c.s.GenericWebApplicationContext   : Exception encountered during context initialization - cancelling refresh attempt: org.springframework.beans.factory.BeanCreationException: Error creating bean with name 'salaryController' defined in file [/home/opstree/OT-MicroServices-Training/salary/target/generated-classes/cobertura/com/opstree/salary/controller/SalaryController.class]: Unexpected exception during bean creation; nested exception is java.lang.reflect.MalformedParametersException: Invalid parameter name "net/sourceforge/cobertura/coveragedata/TouchCollector"
2021-07-27 12:04:59.634  INFO 20530 --- [           main] ConditionEvaluationReportLoggingListener : 

Error starting ApplicationContext. To display the conditions report re-run your application with 'debug' enabled.
2021-07-27 12:04:59.640 ERROR 20530 --- [           main] o.s.boot.SpringApplication               : Application run failed

org.springframework.beans.factory.BeanCreationException: Error creating bean with name 'salaryController' defined in file [/home/opstree/OT-MicroServices-Training/salary/target/generated-classes/cobertura/com/opstree/salary/controller/SalaryController.class]: Unexpected exception during bean creation; nested exception is java.lang.reflect.MalformedParametersException: Invalid parameter name "net/sourceforge/cobertura/coveragedata/TouchCollector"
	at org.springframework.beans.factory.support.AbstractAutowireCapableBeanFactory.createBean(AbstractAutowireCapableBeanFactory.java:508) ~[spring-beans-5.0.8.RELEASE.jar:5.0.8.RELEASE]
	at org.springframework.beans.factory.support.AbstractBeanFactory.lambda$doGetBean$0(AbstractBeanFactory.java:317) ~[spring-beans-5.0.8.RELEASE.jar:5.0.8.RELEASE]
	at org.springframework.beans.factory.support.DefaultSingletonBeanRegistry.getSingleton(DefaultSingletonBeanRegistry.java:222) ~[spring-beans-5.0.8.RELEASE.jar:5.0.8.RELEASE]
	at org.springframework.beans.factory.support.AbstractBeanFactory.doGetBean(AbstractBeanFactory.java:315) ~[spring-beans-5.0.8.RELEASE.jar:5.0.8.RELEASE]
	at org.springframework.beans.factory.support.AbstractBeanFactory.getBean(AbstractBeanFactory.java:199) ~[spring-beans-5.0.8.RELEASE.jar:5.0.8.RELEASE]
	at org.springframework.beans.factory.support.DefaultListableBeanFactory.preInstantiateSingletons(DefaultListableBeanFactory.java:759) ~[spring-beans-5.0.8.RELEASE.jar:5.0.8.RELEASE]
	at org.springframework.context.support.AbstractApplicationContext.finishBeanFactoryInitialization(AbstractApplicationContext.java:869) ~[spring-context-5.0.8.RELEASE.jar:5.0.8.RELEASE]
	at org.springframework.context.support.AbstractApplicationContext.refresh(AbstractApplicationContext.java:550) ~[spring-context-5.0.8.RELEASE.jar:5.0.8.RELEASE]
	at org.springframework.boot.SpringApplication.refresh(SpringApplication.java:762) ~[spring-boot-2.0.4.RELEASE.jar:2.0.4.RELEASE]
	at org.springframework.boot.SpringApplication.refreshContext(SpringApplication.java:398) ~[spring-boot-2.0.4.RELEASE.jar:2.0.4.RELEASE]
	at org.springframework.boot.SpringApplication.run(SpringApplication.java:330) ~[spring-boot-2.0.4.RELEASE.jar:2.0.4.RELEASE]
	at org.springframework.boot.test.context.SpringBootContextLoader.loadContext(SpringBootContextLoader.java:139) ~[spring-boot-test-2.0.4.RELEASE.jar:2.0.4.RELEASE]
	at org.springframework.test.context.cache.DefaultCacheAwareContextLoaderDelegate.loadContextInternal(DefaultCacheAwareContextLoaderDelegate.java:99) ~[spring-test-5.0.8.RELEASE.jar:5.0.8.RELEASE]
	at org.springframework.test.context.cache.DefaultCacheAwareContextLoaderDelegate.loadContext(DefaultCacheAwareContextLoaderDelegate.java:117) ~[spring-test-5.0.8.RELEASE.jar:5.0.8.RELEASE]
	at org.springframework.test.context.support.DefaultTestContext.getApplicationContext(DefaultTestContext.java:108) ~[spring-test-5.0.8.RELEASE.jar:5.0.8.RELEASE]
	at org.springframework.test.context.web.ServletTestExecutionListener.setUpRequestContextIfNecessary(ServletTestExecutionListener.java:190) ~[spring-test-5.0.8.RELEASE.jar:5.0.8.RELEASE]
	at org.springframework.test.context.web.ServletTestExecutionListener.prepareTestInstance(ServletTestExecutionListener.java:132) ~[spring-test-5.0.8.RELEASE.jar:5.0.8.RELEASE]
	at org.springframework.test.context.TestContextManager.prepareTestInstance(TestContextManager.java:246) ~[spring-test-5.0.8.RELEASE.jar:5.0.8.RELEASE]
	at org.springframework.test.context.junit4.SpringJUnit4ClassRunner.createTest(SpringJUnit4ClassRunner.java:227) ~[spring-test-5.0.8.RELEASE.jar:5.0.8.RELEASE]
	at org.springframework.test.context.junit4.SpringJUnit4ClassRunner$1.runReflectiveCall(SpringJUnit4ClassRunner.java:289) ~[spring-test-5.0.8.RELEASE.jar:5.0.8.RELEASE]
	at org.junit.internal.runners.model.ReflectiveCallable.run(ReflectiveCallable.java:12) ~[junit-4.12.jar:4.12]
	at org.springframework.test.context.junit4.SpringJUnit4ClassRunner.methodBlock(SpringJUnit4ClassRunner.java:291) ~[spring-test-5.0.8.RELEASE.jar:5.0.8.RELEASE]
	at org.springframework.test.context.junit4.SpringJUnit4ClassRunner.runChild(SpringJUnit4ClassRunner.java:246) ~[spring-test-5.0.8.RELEASE.jar:5.0.8.RELEASE]
	at org.springframework.test.context.junit4.SpringJUnit4ClassRunner.runChild(SpringJUnit4ClassRunner.java:97) ~[spring-test-5.0.8.RELEASE.jar:5.0.8.RELEASE]
	at org.junit.runners.ParentRunner$3.run(ParentRunner.java:290) ~[junit-4.12.jar:4.12]
	at org.junit.runners.ParentRunner$1.schedule(ParentRunner.java:71) ~[junit-4.12.jar:4.12]
	at org.junit.runners.ParentRunner.runChildren(ParentRunner.java:288) ~[junit-4.12.jar:4.12]
	at org.junit.runners.ParentRunner.access$000(ParentRunner.java:58) ~[junit-4.12.jar:4.12]
	at org.junit.runners.ParentRunner$2.evaluate(ParentRunner.java:268) ~[junit-4.12.jar:4.12]
	at org.springframework.test.context.junit4.statements.RunBeforeTestClassCallbacks.evaluate(RunBeforeTestClassCallbacks.java:61) ~[spring-test-5.0.8.RELEASE.jar:5.0.8.RELEASE]
	at org.springframework.test.context.junit4.statements.RunAfterTestClassCallbacks.evaluate(RunAfterTestClassCallbacks.java:70) ~[spring-test-5.0.8.RELEASE.jar:5.0.8.RELEASE]
	at org.junit.runners.ParentRunner.run(ParentRunner.java:363) ~[junit-4.12.jar:4.12]
	at org.springframework.test.context.junit4.SpringJUnit4ClassRunner.run(SpringJUnit4ClassRunner.java:190) ~[spring-test-5.0.8.RELEASE.jar:5.0.8.RELEASE]
	at org.apache.maven.surefire.junit4.JUnit4Provider.execute(JUnit4Provider.java:264) ~[na:na]
	at org.apache.maven.surefire.junit4.JUnit4Provider.executeTestSet(JUnit4Provider.java:153) ~[na:na]
	at org.apache.maven.surefire.junit4.JUnit4Provider.invoke(JUnit4Provider.java:124) ~[na:na]
	at java.base/jdk.internal.reflect.NativeMethodAccessorImpl.invoke0(Native Method) ~[na:na]
	at java.base/jdk.internal.reflect.NativeMethodAccessorImpl.invoke(NativeMethodAccessorImpl.java:62) ~[na:na]
	at java.base/jdk.internal.reflect.DelegatingMethodAccessorImpl.invoke(DelegatingMethodAccessorImpl.java:43) ~[na:na]
	at java.base/java.lang.reflect.Method.invoke(Method.java:566) ~[na:na]
	at org.apache.maven.surefire.util.ReflectionUtils.invokeMethodWithArray2(ReflectionUtils.java:208) ~[surefire-api-2.14.1.jar:2.14.1]
	at org.apache.maven.surefire.booter.ProviderFactory$ProviderProxy.invoke(ProviderFactory.java:159) ~[surefire-booter-2.14.1.jar:2.14.1]
	at org.apache.maven.surefire.booter.ProviderFactory.invokeProvider(ProviderFactory.java:87) ~[surefire-booter-2.14.1.jar:2.14.1]
	at org.apache.maven.surefire.booter.ForkedBooter.runSuitesInProcess(ForkedBooter.java:153) ~[surefire-booter-2.14.1.jar:2.14.1]
	at org.apache.maven.surefire.booter.ForkedBooter.main(ForkedBooter.java:95) ~[surefire-booter-2.14.1.jar:2.14.1]
Caused by: java.lang.reflect.MalformedParametersException: Invalid parameter name "net/sourceforge/cobertura/coveragedata/TouchCollector"
	at java.base/java.lang.reflect.Executable.verifyParameters(Executable.java:382) ~[na:na]
	at java.base/java.lang.reflect.Executable.privateGetParameters(Executable.java:412) ~[na:na]
	at java.base/java.lang.reflect.Executable.getParameters(Executable.java:353) ~[na:na]
	at org.springframework.core.StandardReflectionParameterNameDiscoverer.getParameterNames(StandardReflectionParameterNameDiscoverer.java:45) ~[spring-core-5.0.8.RELEASE.jar:5.0.8.RELEASE]
	at org.springframework.core.PrioritizedParameterNameDiscoverer.getParameterNames(PrioritizedParameterNameDiscoverer.java:67) ~[spring-core-5.0.8.RELEASE.jar:5.0.8.RELEASE]
	at org.springframework.beans.factory.support.ConstructorResolver.autowireConstructor(ConstructorResolver.java:194) ~[spring-beans-5.0.8.RELEASE.jar:5.0.8.RELEASE]
	at org.springframework.beans.factory.support.AbstractAutowireCapableBeanFactory.autowireConstructor(AbstractAutowireCapableBeanFactory.java:1267) ~[spring-beans-5.0.8.RELEASE.jar:5.0.8.RELEASE]
	at org.springframework.beans.factory.support.AbstractAutowireCapableBeanFactory.createBeanInstance(AbstractAutowireCapableBeanFactory.java:1124) ~[spring-beans-5.0.8.RELEASE.jar:5.0.8.RELEASE]
	at org.springframework.beans.factory.support.AbstractAutowireCapableBeanFactory.doCreateBean(AbstractAutowireCapableBeanFactory.java:535) ~[spring-beans-5.0.8.RELEASE.jar:5.0.8.RELEASE]
	at org.springframework.beans.factory.support.AbstractAutowireCapableBeanFactory.createBean(AbstractAutowireCapableBeanFactory.java:495) ~[spring-beans-5.0.8.RELEASE.jar:5.0.8.RELEASE]
	... 44 common frames omitted

2021-07-27 12:04:59.642 ERROR 20530 --- [           main] o.s.test.context.TestContextManager      : Caught exception while allowing TestExecutionListener [org.springframework.test.context.web.ServletTestExecutionListener@1a245833] to prepare test instance [com.opstree.salary.ApplicationTest@597f48df]

java.lang.IllegalStateException: Failed to load ApplicationContext
	at org.springframework.test.context.cache.DefaultCacheAwareContextLoaderDelegate.loadContext(DefaultCacheAwareContextLoaderDelegate.java:125) ~[spring-test-5.0.8.RELEASE.jar:5.0.8.RELEASE]
	at org.springframework.test.context.support.DefaultTestContext.getApplicationContext(DefaultTestContext.java:108) ~[spring-test-5.0.8.RELEASE.jar:5.0.8.RELEASE]
	at org.springframework.test.context.web.ServletTestExecutionListener.setUpRequestContextIfNecessary(ServletTestExecutionListener.java:190) ~[spring-test-5.0.8.RELEASE.jar:5.0.8.RELEASE]
	at org.springframework.test.context.web.ServletTestExecutionListener.prepareTestInstance(ServletTestExecutionListener.java:132) ~[spring-test-5.0.8.RELEASE.jar:5.0.8.RELEASE]
	at org.springframework.test.context.TestContextManager.prepareTestInstance(TestContextManager.java:246) ~[spring-test-5.0.8.RELEASE.jar:5.0.8.RELEASE]
	at org.springframework.test.context.junit4.SpringJUnit4ClassRunner.createTest(SpringJUnit4ClassRunner.java:227) ~[spring-test-5.0.8.RELEASE.jar:5.0.8.RELEASE]
	at org.springframework.test.context.junit4.SpringJUnit4ClassRunner$1.runReflectiveCall(SpringJUnit4ClassRunner.java:289) ~[spring-test-5.0.8.RELEASE.jar:5.0.8.RELEASE]
	at org.junit.internal.runners.model.ReflectiveCallable.run(ReflectiveCallable.java:12) ~[junit-4.12.jar:4.12]
	at org.springframework.test.context.junit4.SpringJUnit4ClassRunner.methodBlock(SpringJUnit4ClassRunner.java:291) ~[spring-test-5.0.8.RELEASE.jar:5.0.8.RELEASE]
	at org.springframework.test.context.junit4.SpringJUnit4ClassRunner.runChild(SpringJUnit4ClassRunner.java:246) ~[spring-test-5.0.8.RELEASE.jar:5.0.8.RELEASE]
	at org.springframework.test.context.junit4.SpringJUnit4ClassRunner.runChild(SpringJUnit4ClassRunner.java:97) ~[spring-test-5.0.8.RELEASE.jar:5.0.8.RELEASE]
	at org.junit.runners.ParentRunner$3.run(ParentRunner.java:290) ~[junit-4.12.jar:4.12]
	at org.junit.runners.ParentRunner$1.schedule(ParentRunner.java:71) ~[junit-4.12.jar:4.12]
	at org.junit.runners.ParentRunner.runChildren(ParentRunner.java:288) ~[junit-4.12.jar:4.12]
	at org.junit.runners.ParentRunner.access$000(ParentRunner.java:58) ~[junit-4.12.jar:4.12]
	at org.junit.runners.ParentRunner$2.evaluate(ParentRunner.java:268) ~[junit-4.12.jar:4.12]
	at org.springframework.test.context.junit4.statements.RunBeforeTestClassCallbacks.evaluate(RunBeforeTestClassCallbacks.java:61) ~[spring-test-5.0.8.RELEASE.jar:5.0.8.RELEASE]
	at org.springframework.test.context.junit4.statements.RunAfterTestClassCallbacks.evaluate(RunAfterTestClassCallbacks.java:70) ~[spring-test-5.0.8.RELEASE.jar:5.0.8.RELEASE]
	at org.junit.runners.ParentRunner.run(ParentRunner.java:363) ~[junit-4.12.jar:4.12]
	at org.springframework.test.context.junit4.SpringJUnit4ClassRunner.run(SpringJUnit4ClassRunner.java:190) ~[spring-test-5.0.8.RELEASE.jar:5.0.8.RELEASE]
	at org.apache.maven.surefire.junit4.JUnit4Provider.execute(JUnit4Provider.java:264) ~[na:na]
	at org.apache.maven.surefire.junit4.JUnit4Provider.executeTestSet(JUnit4Provider.java:153) ~[na:na]
	at org.apache.maven.surefire.junit4.JUnit4Provider.invoke(JUnit4Provider.java:124) ~[na:na]
	at java.base/jdk.internal.reflect.NativeMethodAccessorImpl.invoke0(Native Method) ~[na:na]
	at java.base/jdk.internal.reflect.NativeMethodAccessorImpl.invoke(NativeMethodAccessorImpl.java:62) ~[na:na]
	at java.base/jdk.internal.reflect.DelegatingMethodAccessorImpl.invoke(DelegatingMethodAccessorImpl.java:43) ~[na:na]
	at java.base/java.lang.reflect.Method.invoke(Method.java:566) ~[na:na]
	at org.apache.maven.surefire.util.ReflectionUtils.invokeMethodWithArray2(ReflectionUtils.java:208) ~[surefire-api-2.14.1.jar:2.14.1]
	at org.apache.maven.surefire.booter.ProviderFactory$ProviderProxy.invoke(ProviderFactory.java:159) ~[surefire-booter-2.14.1.jar:2.14.1]
	at org.apache.maven.surefire.booter.ProviderFactory.invokeProvider(ProviderFactory.java:87) ~[surefire-booter-2.14.1.jar:2.14.1]
	at org.apache.maven.surefire.booter.ForkedBooter.runSuitesInProcess(ForkedBooter.java:153) ~[surefire-booter-2.14.1.jar:2.14.1]
	at org.apache.maven.surefire.booter.ForkedBooter.main(ForkedBooter.java:95) ~[surefire-booter-2.14.1.jar:2.14.1]
Caused by: org.springframework.beans.factory.BeanCreationException: Error creating bean with name 'salaryController' defined in file [/home/opstree/OT-MicroServices-Training/salary/target/generated-classes/cobertura/com/opstree/salary/controller/SalaryController.class]: Unexpected exception during bean creation; nested exception is java.lang.reflect.MalformedParametersException: Invalid parameter name "net/sourceforge/cobertura/coveragedata/TouchCollector"
	at org.springframework.beans.factory.support.AbstractAutowireCapableBeanFactory.createBean(AbstractAutowireCapableBeanFactory.java:508) ~[spring-beans-5.0.8.RELEASE.jar:5.0.8.RELEASE]
	at org.springframework.beans.factory.support.AbstractBeanFactory.lambda$doGetBean$0(AbstractBeanFactory.java:317) ~[spring-beans-5.0.8.RELEASE.jar:5.0.8.RELEASE]
	at org.springframework.beans.factory.support.DefaultSingletonBeanRegistry.getSingleton(DefaultSingletonBeanRegistry.java:222) ~[spring-beans-5.0.8.RELEASE.jar:5.0.8.RELEASE]
	at org.springframework.beans.factory.support.AbstractBeanFactory.doGetBean(AbstractBeanFactory.java:315) ~[spring-beans-5.0.8.RELEASE.jar:5.0.8.RELEASE]
	at org.springframework.beans.factory.support.AbstractBeanFactory.getBean(AbstractBeanFactory.java:199) ~[spring-beans-5.0.8.RELEASE.jar:5.0.8.RELEASE]
	at org.springframework.beans.factory.support.DefaultListableBeanFactory.preInstantiateSingletons(DefaultListableBeanFactory.java:759) ~[spring-beans-5.0.8.RELEASE.jar:5.0.8.RELEASE]
	at org.springframework.context.support.AbstractApplicationContext.finishBeanFactoryInitialization(AbstractApplicationContext.java:869) ~[spring-context-5.0.8.RELEASE.jar:5.0.8.RELEASE]
	at org.springframework.context.support.AbstractApplicationContext.refresh(AbstractApplicationContext.java:550) ~[spring-context-5.0.8.RELEASE.jar:5.0.8.RELEASE]
	at org.springframework.boot.SpringApplication.refresh(SpringApplication.java:762) ~[spring-boot-2.0.4.RELEASE.jar:2.0.4.RELEASE]
	at org.springframework.boot.SpringApplication.refreshContext(SpringApplication.java:398) ~[spring-boot-2.0.4.RELEASE.jar:2.0.4.RELEASE]
	at org.springframework.boot.SpringApplication.run(SpringApplication.java:330) ~[spring-boot-2.0.4.RELEASE.jar:2.0.4.RELEASE]
	at org.springframework.boot.test.context.SpringBootContextLoader.loadContext(SpringBootContextLoader.java:139) ~[spring-boot-test-2.0.4.RELEASE.jar:2.0.4.RELEASE]
	at org.springframework.test.context.cache.DefaultCacheAwareContextLoaderDelegate.loadContextInternal(DefaultCacheAwareContextLoaderDelegate.java:99) ~[spring-test-5.0.8.RELEASE.jar:5.0.8.RELEASE]
	at org.springframework.test.context.cache.DefaultCacheAwareContextLoaderDelegate.loadContext(DefaultCacheAwareContextLoaderDelegate.java:117) ~[spring-test-5.0.8.RELEASE.jar:5.0.8.RELEASE]
	... 31 common frames omitted
Caused by: java.lang.reflect.MalformedParametersException: Invalid parameter name "net/sourceforge/cobertura/coveragedata/TouchCollector"
	at java.base/java.lang.reflect.Executable.verifyParameters(Executable.java:382) ~[na:na]
	at java.base/java.lang.reflect.Executable.privateGetParameters(Executable.java:412) ~[na:na]
	at java.base/java.lang.reflect.Executable.getParameters(Executable.java:353) ~[na:na]
	at org.springframework.core.StandardReflectionParameterNameDiscoverer.getParameterNames(StandardReflectionParameterNameDiscoverer.java:45) ~[spring-core-5.0.8.RELEASE.jar:5.0.8.RELEASE]
	at org.springframework.core.PrioritizedParameterNameDiscoverer.getParameterNames(PrioritizedParameterNameDiscoverer.java:67) ~[spring-core-5.0.8.RELEASE.jar:5.0.8.RELEASE]
	at org.springframework.beans.factory.support.ConstructorResolver.autowireConstructor(ConstructorResolver.java:194) ~[spring-beans-5.0.8.RELEASE.jar:5.0.8.RELEASE]
	at org.springframework.beans.factory.support.AbstractAutowireCapableBeanFactory.autowireConstructor(AbstractAutowireCapableBeanFactory.java:1267) ~[spring-beans-5.0.8.RELEASE.jar:5.0.8.RELEASE]
	at org.springframework.beans.factory.support.AbstractAutowireCapableBeanFactory.createBeanInstance(AbstractAutowireCapableBeanFactory.java:1124) ~[spring-beans-5.0.8.RELEASE.jar:5.0.8.RELEASE]
	at org.springframework.beans.factory.support.AbstractAutowireCapableBeanFactory.doCreateBean(AbstractAutowireCapableBeanFactory.java:535) ~[spring-beans-5.0.8.RELEASE.jar:5.0.8.RELEASE]
	at org.springframework.beans.factory.support.AbstractAutowireCapableBeanFactory.createBean(AbstractAutowireCapableBeanFactory.java:495) ~[spring-beans-5.0.8.RELEASE.jar:5.0.8.RELEASE]
	... 44 common frames omitted

</system-out>
  </testcase>
</testsuite>